{"/Users/alex/coding/projects/jeopardish/src/ai/trebek-integration.js": {"path":"/Users/alex/coding/projects/jeopardish/src/ai/trebek-integration.js","statementMap":{"0":{"start":{"line":12,"column":22},"end":{"line":12,"column":60}},"1":{"start":{"line":13,"column":19},"end":{"line":13,"column":54}},"2":{"start":{"line":14,"column":22},"end":{"line":14,"column":60}},"3":{"start":{"line":15,"column":20},"end":{"line":15,"column":56}},"4":{"start":{"line":17,"column":2},"end":{"line":20,"column":3}},"5":{"start":{"line":18,"column":4},"end":{"line":18,"column":103}},"6":{"start":{"line":19,"column":4},"end":{"line":19,"column":11}},"7":{"start":{"line":22,"column":2},"end":{"line":61,"column":3}},"8":{"start":{"line":24,"column":21},"end":{"line":37,"column":6}},"9":{"start":{"line":40,"column":4},"end":{"line":40,"column":31}},"10":{"start":{"line":41,"column":4},"end":{"line":41,"column":28}},"11":{"start":{"line":42,"column":4},"end":{"line":42,"column":37}},"12":{"start":{"line":43,"column":4},"end":{"line":43,"column":29}},"13":{"start":{"line":44,"column":4},"end":{"line":44,"column":37}},"14":{"start":{"line":45,"column":4},"end":{"line":45,"column":26}},"15":{"start":{"line":48,"column":4},"end":{"line":50,"column":5}},"16":{"start":{"line":49,"column":6},"end":{"line":49,"column":58}},"17":{"start":{"line":53,"column":4},"end":{"line":53,"column":55}},"18":{"start":{"line":55,"column":4},"end":{"line":55,"column":31}},"19":{"start":{"line":56,"column":4},"end":{"line":56,"column":28}},"20":{"start":{"line":57,"column":4},"end":{"line":57,"column":152}},"21":{"start":{"line":58,"column":4},"end":{"line":58,"column":29}},"22":{"start":{"line":59,"column":4},"end":{"line":59,"column":37}},"23":{"start":{"line":60,"column":4},"end":{"line":60,"column":26}},"24":{"start":{"line":66,"column":22},"end":{"line":66,"column":60}},"25":{"start":{"line":67,"column":19},"end":{"line":67,"column":54}},"26":{"start":{"line":68,"column":22},"end":{"line":68,"column":60}},"27":{"start":{"line":69,"column":20},"end":{"line":69,"column":56}},"28":{"start":{"line":71,"column":2},"end":{"line":74,"column":3}},"29":{"start":{"line":72,"column":4},"end":{"line":72,"column":105}},"30":{"start":{"line":73,"column":4},"end":{"line":73,"column":11}},"31":{"start":{"line":76,"column":2},"end":{"line":115,"column":3}},"32":{"start":{"line":78,"column":21},"end":{"line":91,"column":6}},"33":{"start":{"line":94,"column":4},"end":{"line":94,"column":31}},"34":{"start":{"line":95,"column":4},"end":{"line":95,"column":28}},"35":{"start":{"line":96,"column":4},"end":{"line":96,"column":37}},"36":{"start":{"line":97,"column":4},"end":{"line":97,"column":69}},"37":{"start":{"line":98,"column":4},"end":{"line":98,"column":37}},"38":{"start":{"line":99,"column":4},"end":{"line":99,"column":26}},"39":{"start":{"line":102,"column":4},"end":{"line":104,"column":5}},"40":{"start":{"line":103,"column":6},"end":{"line":103,"column":60}},"41":{"start":{"line":107,"column":4},"end":{"line":107,"column":55}},"42":{"start":{"line":109,"column":4},"end":{"line":109,"column":31}},"43":{"start":{"line":110,"column":4},"end":{"line":110,"column":28}},"44":{"start":{"line":111,"column":4},"end":{"line":111,"column":118}},"45":{"start":{"line":112,"column":4},"end":{"line":112,"column":69}},"46":{"start":{"line":113,"column":4},"end":{"line":113,"column":37}},"47":{"start":{"line":114,"column":4},"end":{"line":114,"column":26}},"48":{"start":{"line":120,"column":2},"end":{"line":123,"column":3}},"49":{"start":{"line":121,"column":4},"end":{"line":121,"column":47}},"50":{"start":{"line":122,"column":4},"end":{"line":122,"column":11}},"51":{"start":{"line":125,"column":2},"end":{"line":172,"column":3}},"52":{"start":{"line":127,"column":21},"end":{"line":139,"column":6}},"53":{"start":{"line":142,"column":24},"end":{"line":142,"column":53}},"54":{"start":{"line":143,"column":4},"end":{"line":143,"column":43}},"55":{"start":{"line":144,"column":4},"end":{"line":144,"column":39}},"56":{"start":{"line":147,"column":25},"end":{"line":147,"column":64}},"57":{"start":{"line":148,"column":4},"end":{"line":162,"column":5}},"58":{"start":{"line":150,"column":29},"end":{"line":150,"column":58}},"59":{"start":{"line":151,"column":6},"end":{"line":151,"column":58}},"60":{"start":{"line":152,"column":6},"end":{"line":152,"column":46}},"61":{"start":{"line":154,"column":6},"end":{"line":154,"column":43}},"62":{"start":{"line":157,"column":6},"end":{"line":161,"column":15}},"63":{"start":{"line":158,"column":8},"end":{"line":160,"column":9}},"64":{"start":{"line":159,"column":10},"end":{"line":159,"column":51}},"65":{"start":{"line":165,"column":4},"end":{"line":167,"column":5}},"66":{"start":{"line":166,"column":6},"end":{"line":166,"column":59}},"67":{"start":{"line":170,"column":4},"end":{"line":170,"column":72}},"68":{"start":{"line":175,"column":2},"end":{"line":175,"column":14}},"69":{"start":{"line":181,"column":2},"end":{"line":181,"column":31}},"70":{"start":{"line":181,"column":24},"end":{"line":181,"column":31}},"71":{"start":{"line":183,"column":2},"end":{"line":206,"column":3}},"72":{"start":{"line":185,"column":21},"end":{"line":193,"column":6}},"73":{"start":{"line":196,"column":4},"end":{"line":196,"column":35}},"74":{"start":{"line":199,"column":4},"end":{"line":201,"column":5}},"75":{"start":{"line":200,"column":6},"end":{"line":200,"column":60}},"76":{"start":{"line":204,"column":4},"end":{"line":204,"column":76}}},"fnMap":{"0":{"name":"displayAICorrectAnswerMessage","decl":{"start":{"line":11,"column":22},"end":{"line":11,"column":51}},"loc":{"start":{"line":11,"column":54},"end":{"line":62,"column":1}},"line":11},"1":{"name":"displayAIIncorrectAnswerMessage","decl":{"start":{"line":65,"column":22},"end":{"line":65,"column":53}},"loc":{"start":{"line":65,"column":69},"end":{"line":116,"column":1}},"line":65},"2":{"name":"displayAINewQuestionIntro","decl":{"start":{"line":119,"column":22},"end":{"line":119,"column":47}},"loc":{"start":{"line":119,"column":62},"end":{"line":176,"column":1}},"line":119},"3":{"name":"(anonymous_3)","decl":{"start":{"line":157,"column":17},"end":{"line":157,"column":18}},"loc":{"start":{"line":157,"column":23},"end":{"line":161,"column":7}},"line":157},"4":{"name":"handleStreakMilestone","decl":{"start":{"line":179,"column":22},"end":{"line":179,"column":43}},"loc":{"start":{"line":179,"column":52},"end":{"line":207,"column":1}},"line":179}},"branchMap":{"0":{"loc":{"start":{"line":17,"column":2},"end":{"line":20,"column":3}},"type":"if","locations":[{"start":{"line":17,"column":2},"end":{"line":20,"column":3}},{"start":{},"end":{}}],"line":17},"1":{"loc":{"start":{"line":17,"column":6},"end":{"line":17,"column":88}},"type":"binary-expr","locations":[{"start":{"line":17,"column":6},"end":{"line":17,"column":18}},{"start":{"line":17,"column":22},"end":{"line":17,"column":31}},{"start":{"line":17,"column":35},"end":{"line":17,"column":47}},{"start":{"line":17,"column":51},"end":{"line":17,"column":61}},{"start":{"line":17,"column":65},"end":{"line":17,"column":88}}],"line":17},"2":{"loc":{"start":{"line":34,"column":18},"end":{"line":34,"column":66}},"type":"binary-expr","locations":[{"start":{"line":34,"column":18},"end":{"line":34,"column":60}},{"start":{"line":34,"column":64},"end":{"line":34,"column":66}}],"line":34},"3":{"loc":{"start":{"line":48,"column":4},"end":{"line":50,"column":5}},"type":"if","locations":[{"start":{"line":48,"column":4},"end":{"line":50,"column":5}},{"start":{},"end":{}}],"line":48},"4":{"loc":{"start":{"line":71,"column":2},"end":{"line":74,"column":3}},"type":"if","locations":[{"start":{"line":71,"column":2},"end":{"line":74,"column":3}},{"start":{},"end":{}}],"line":71},"5":{"loc":{"start":{"line":71,"column":6},"end":{"line":71,"column":88}},"type":"binary-expr","locations":[{"start":{"line":71,"column":6},"end":{"line":71,"column":18}},{"start":{"line":71,"column":22},"end":{"line":71,"column":31}},{"start":{"line":71,"column":35},"end":{"line":71,"column":47}},{"start":{"line":71,"column":51},"end":{"line":71,"column":61}},{"start":{"line":71,"column":65},"end":{"line":71,"column":88}}],"line":71},"6":{"loc":{"start":{"line":88,"column":18},"end":{"line":88,"column":66}},"type":"binary-expr","locations":[{"start":{"line":88,"column":18},"end":{"line":88,"column":60}},{"start":{"line":88,"column":64},"end":{"line":88,"column":66}}],"line":88},"7":{"loc":{"start":{"line":102,"column":4},"end":{"line":104,"column":5}},"type":"if","locations":[{"start":{"line":102,"column":4},"end":{"line":104,"column":5}},{"start":{},"end":{}}],"line":102},"8":{"loc":{"start":{"line":120,"column":2},"end":{"line":123,"column":3}},"type":"if","locations":[{"start":{"line":120,"column":2},"end":{"line":123,"column":3}},{"start":{},"end":{}}],"line":120},"9":{"loc":{"start":{"line":148,"column":4},"end":{"line":162,"column":5}},"type":"if","locations":[{"start":{"line":148,"column":4},"end":{"line":162,"column":5}},{"start":{},"end":{}}],"line":148},"10":{"loc":{"start":{"line":158,"column":8},"end":{"line":160,"column":9}},"type":"if","locations":[{"start":{"line":158,"column":8},"end":{"line":160,"column":9}},{"start":{},"end":{}}],"line":158},"11":{"loc":{"start":{"line":165,"column":4},"end":{"line":167,"column":5}},"type":"if","locations":[{"start":{"line":165,"column":4},"end":{"line":167,"column":5}},{"start":{},"end":{}}],"line":165},"12":{"loc":{"start":{"line":181,"column":2},"end":{"line":181,"column":31}},"type":"if","locations":[{"start":{"line":181,"column":2},"end":{"line":181,"column":31}},{"start":{},"end":{}}],"line":181},"13":{"loc":{"start":{"line":199,"column":4},"end":{"line":201,"column":5}},"type":"if","locations":[{"start":{"line":199,"column":4},"end":{"line":201,"column":5}},{"start":{},"end":{}}],"line":199}},"s":{"0":0,"1":0,"2":0,"3":0,"4":0,"5":0,"6":0,"7":0,"8":0,"9":0,"10":0,"11":0,"12":0,"13":0,"14":0,"15":0,"16":0,"17":0,"18":0,"19":0,"20":0,"21":0,"22":0,"23":0,"24":0,"25":0,"26":0,"27":0,"28":0,"29":0,"30":0,"31":0,"32":0,"33":0,"34":0,"35":0,"36":0,"37":0,"38":0,"39":0,"40":0,"41":0,"42":0,"43":0,"44":0,"45":0,"46":0,"47":0,"48":0,"49":0,"50":0,"51":0,"52":0,"53":0,"54":0,"55":0,"56":0,"57":0,"58":0,"59":0,"60":0,"61":0,"62":0,"63":0,"64":0,"65":0,"66":0,"67":0,"68":0,"69":0,"70":0,"71":0,"72":0,"73":0,"74":0,"75":0,"76":0},"f":{"0":0,"1":0,"2":0,"3":0,"4":0},"b":{"0":[0,0],"1":[0,0,0,0,0],"2":[0,0],"3":[0,0],"4":[0,0],"5":[0,0,0,0,0],"6":[0,0],"7":[0,0],"8":[0,0],"9":[0,0],"10":[0,0],"11":[0,0],"12":[0,0],"13":[0,0]}}
,"/Users/alex/coding/projects/jeopardish/src/ai/trebek.js": {"path":"/Users/alex/coding/projects/jeopardish/src/ai/trebek.js","statementMap":{"0":{"start":{"line":4,"column":22},"end":{"line":9,"column":50}},"1":{"start":{"line":12,"column":27},"end":{"line":23,"column":1}},"2":{"start":{"line":36,"column":2},"end":{"line":77,"column":3}},"3":{"start":{"line":38,"column":21},"end":{"line":38,"column":23}},"4":{"start":{"line":40,"column":4},"end":{"line":58,"column":5}},"5":{"start":{"line":42,"column":8},"end":{"line":42,"column":205}},"6":{"start":{"line":43,"column":8},"end":{"line":43,"column":14}},"7":{"start":{"line":45,"column":8},"end":{"line":45,"column":191}},"8":{"start":{"line":46,"column":8},"end":{"line":46,"column":14}},"9":{"start":{"line":48,"column":8},"end":{"line":48,"column":182}},"10":{"start":{"line":49,"column":8},"end":{"line":49,"column":14}},"11":{"start":{"line":51,"column":8},"end":{"line":51,"column":135}},"12":{"start":{"line":52,"column":8},"end":{"line":52,"column":14}},"13":{"start":{"line":54,"column":8},"end":{"line":54,"column":134}},"14":{"start":{"line":55,"column":8},"end":{"line":55,"column":14}},"15":{"start":{"line":57,"column":8},"end":{"line":57,"column":146}},"16":{"start":{"line":61,"column":26},"end":{"line":61,"column":175}},"17":{"start":{"line":64,"column":21},"end":{"line":67,"column":5}},"18":{"start":{"line":69,"column":21},"end":{"line":69,"column":45}},"19":{"start":{"line":70,"column":4},"end":{"line":70,"column":35}},"20":{"start":{"line":73,"column":4},"end":{"line":73,"column":62}},"21":{"start":{"line":76,"column":4},"end":{"line":76,"column":85}}},"fnMap":{"0":{"name":"trebekReply","decl":{"start":{"line":35,"column":22},"end":{"line":35,"column":33}},"loc":{"start":{"line":35,"column":43},"end":{"line":78,"column":1}},"line":35}},"branchMap":{"0":{"loc":{"start":{"line":40,"column":4},"end":{"line":58,"column":5}},"type":"switch","locations":[{"start":{"line":41,"column":6},"end":{"line":43,"column":14}},{"start":{"line":44,"column":6},"end":{"line":46,"column":14}},{"start":{"line":47,"column":6},"end":{"line":49,"column":14}},{"start":{"line":50,"column":6},"end":{"line":52,"column":14}},{"start":{"line":53,"column":6},"end":{"line":55,"column":14}},{"start":{"line":56,"column":6},"end":{"line":57,"column":146}}],"line":40}},"s":{"0":0,"1":0,"2":0,"3":0,"4":0,"5":0,"6":0,"7":0,"8":0,"9":0,"10":0,"11":0,"12":0,"13":0,"14":0,"15":0,"16":0,"17":0,"18":0,"19":0,"20":0,"21":0},"f":{"0":0},"b":{"0":[0,0,0,0,0,0]}}
,"/Users/alex/coding/projects/jeopardish/src/components/game/GameController.js": {"path":"/Users/alex/coding/projects/jeopardish/src/components/game/GameController.js","statementMap":{"0":{"start":{"line":31,"column":4},"end":{"line":31,"column":62}},"1":{"start":{"line":32,"column":4},"end":{"line":32,"column":58}},"2":{"start":{"line":33,"column":4},"end":{"line":33,"column":62}},"3":{"start":{"line":34,"column":4},"end":{"line":34,"column":56}},"4":{"start":{"line":35,"column":4},"end":{"line":35,"column":56}},"5":{"start":{"line":37,"column":4},"end":{"line":37,"column":16}},"6":{"start":{"line":41,"column":4},"end":{"line":41,"column":54}},"7":{"start":{"line":44,"column":4},"end":{"line":44,"column":31}},"8":{"start":{"line":47,"column":4},"end":{"line":47,"column":31}},"9":{"start":{"line":49,"column":4},"end":{"line":49,"column":49}},"10":{"start":{"line":54,"column":27},"end":{"line":54,"column":68}},"11":{"start":{"line":55,"column":4},"end":{"line":57,"column":5}},"12":{"start":{"line":56,"column":6},"end":{"line":56,"column":76}},"13":{"start":{"line":56,"column":53},"end":{"line":56,"column":74}},"14":{"start":{"line":60,"column":25},"end":{"line":60,"column":64}},"15":{"start":{"line":61,"column":4},"end":{"line":63,"column":5}},"16":{"start":{"line":62,"column":6},"end":{"line":62,"column":74}},"17":{"start":{"line":62,"column":51},"end":{"line":62,"column":72}},"18":{"start":{"line":66,"column":24},"end":{"line":66,"column":62}},"19":{"start":{"line":67,"column":4},"end":{"line":69,"column":5}},"20":{"start":{"line":68,"column":6},"end":{"line":68,"column":70}},"21":{"start":{"line":68,"column":50},"end":{"line":68,"column":68}},"22":{"start":{"line":72,"column":4},"end":{"line":79,"column":5}},"23":{"start":{"line":73,"column":6},"end":{"line":78,"column":9}},"24":{"start":{"line":74,"column":8},"end":{"line":77,"column":9}},"25":{"start":{"line":75,"column":10},"end":{"line":75,"column":33}},"26":{"start":{"line":76,"column":10},"end":{"line":76,"column":32}},"27":{"start":{"line":83,"column":4},"end":{"line":83,"column":46}},"28":{"start":{"line":86,"column":4},"end":{"line":86,"column":29}},"29":{"start":{"line":89,"column":4},"end":{"line":91,"column":5}},"30":{"start":{"line":90,"column":6},"end":{"line":90,"column":31}},"31":{"start":{"line":94,"column":4},"end":{"line":96,"column":5}},"32":{"start":{"line":95,"column":6},"end":{"line":95,"column":44}},"33":{"start":{"line":98,"column":4},"end":{"line":133,"column":5}},"34":{"start":{"line":100,"column":21},"end":{"line":100,"column":49}},"35":{"start":{"line":103,"column":6},"end":{"line":113,"column":7}},"36":{"start":{"line":104,"column":8},"end":{"line":104,"column":42}},"37":{"start":{"line":107,"column":8},"end":{"line":112,"column":9}},"38":{"start":{"line":108,"column":25},"end":{"line":108,"column":51}},"39":{"start":{"line":109,"column":10},"end":{"line":111,"column":11}},"40":{"start":{"line":110,"column":12},"end":{"line":110,"column":46}},"41":{"start":{"line":116,"column":6},"end":{"line":118,"column":7}},"42":{"start":{"line":117,"column":8},"end":{"line":117,"column":34}},"43":{"start":{"line":121,"column":33},"end":{"line":121,"column":64}},"44":{"start":{"line":122,"column":6},"end":{"line":122,"column":47}},"45":{"start":{"line":123,"column":6},"end":{"line":123,"column":45}},"46":{"start":{"line":126,"column":6},"end":{"line":128,"column":7}},"47":{"start":{"line":127,"column":8},"end":{"line":127,"column":30}},"48":{"start":{"line":131,"column":6},"end":{"line":131,"column":60}},"49":{"start":{"line":132,"column":6},"end":{"line":132,"column":30}},"50":{"start":{"line":137,"column":4},"end":{"line":137,"column":30}},"51":{"start":{"line":137,"column":23},"end":{"line":137,"column":30}},"52":{"start":{"line":139,"column":4},"end":{"line":139,"column":57}},"53":{"start":{"line":142,"column":4},"end":{"line":144,"column":5}},"54":{"start":{"line":143,"column":6},"end":{"line":143,"column":59}},"55":{"start":{"line":145,"column":4},"end":{"line":147,"column":5}},"56":{"start":{"line":146,"column":6},"end":{"line":146,"column":63}},"57":{"start":{"line":150,"column":4},"end":{"line":152,"column":5}},"58":{"start":{"line":151,"column":6},"end":{"line":151,"column":59}},"59":{"start":{"line":155,"column":4},"end":{"line":158,"column":5}},"60":{"start":{"line":156,"column":6},"end":{"line":156,"column":55}},"61":{"start":{"line":157,"column":6},"end":{"line":157,"column":44}},"62":{"start":{"line":162,"column":22},"end":{"line":162,"column":36}},"63":{"start":{"line":163,"column":4},"end":{"line":163,"column":36}},"64":{"start":{"line":167,"column":4},"end":{"line":167,"column":32}},"65":{"start":{"line":167,"column":25},"end":{"line":167,"column":32}},"66":{"start":{"line":169,"column":4},"end":{"line":180,"column":5}},"67":{"start":{"line":170,"column":6},"end":{"line":177,"column":7}},"68":{"start":{"line":171,"column":8},"end":{"line":171,"column":47}},"69":{"start":{"line":172,"column":8},"end":{"line":172,"column":23}},"70":{"start":{"line":173,"column":8},"end":{"line":173,"column":74}},"71":{"start":{"line":175,"column":8},"end":{"line":175,"column":52}},"72":{"start":{"line":176,"column":8},"end":{"line":176,"column":88}},"73":{"start":{"line":179,"column":6},"end":{"line":179,"column":44}},"74":{"start":{"line":184,"column":4},"end":{"line":184,"column":41}},"75":{"start":{"line":186,"column":4},"end":{"line":189,"column":5}},"76":{"start":{"line":187,"column":6},"end":{"line":187,"column":65}},"77":{"start":{"line":188,"column":6},"end":{"line":188,"column":13}},"78":{"start":{"line":191,"column":23},"end":{"line":191,"column":49}},"79":{"start":{"line":192,"column":26},"end":{"line":192,"column":64}},"80":{"start":{"line":194,"column":4},"end":{"line":197,"column":5}},"81":{"start":{"line":195,"column":6},"end":{"line":195,"column":42}},"82":{"start":{"line":196,"column":6},"end":{"line":196,"column":13}},"83":{"start":{"line":200,"column":22},"end":{"line":200,"column":63}},"84":{"start":{"line":203,"column":4},"end":{"line":203,"column":29}},"85":{"start":{"line":206,"column":4},"end":{"line":224,"column":5}},"86":{"start":{"line":207,"column":6},"end":{"line":221,"column":7}},"87":{"start":{"line":209,"column":30},"end":{"line":209,"column":48}},"88":{"start":{"line":210,"column":23},"end":{"line":210,"column":40}},"89":{"start":{"line":211,"column":8},"end":{"line":214,"column":10}},"90":{"start":{"line":217,"column":8},"end":{"line":220,"column":10}},"91":{"start":{"line":222,"column":6},"end":{"line":222,"column":26}},"92":{"start":{"line":223,"column":6},"end":{"line":223,"column":13}},"93":{"start":{"line":227,"column":4},"end":{"line":243,"column":5}},"94":{"start":{"line":229,"column":28},"end":{"line":229,"column":76}},"95":{"start":{"line":230,"column":6},"end":{"line":230,"column":33}},"96":{"start":{"line":231,"column":6},"end":{"line":231,"column":25}},"97":{"start":{"line":233,"column":6},"end":{"line":236,"column":8}},"98":{"start":{"line":238,"column":6},"end":{"line":238,"column":26}},"99":{"start":{"line":239,"column":6},"end":{"line":242,"column":8}},"100":{"start":{"line":246,"column":4},"end":{"line":250,"column":5}},"101":{"start":{"line":247,"column":6},"end":{"line":249,"column":15}},"102":{"start":{"line":248,"column":8},"end":{"line":248,"column":30}},"103":{"start":{"line":254,"column":4},"end":{"line":254,"column":28}},"104":{"start":{"line":257,"column":4},"end":{"line":257,"column":58}},"105":{"start":{"line":257,"column":26},"end":{"line":257,"column":58}},"106":{"start":{"line":258,"column":4},"end":{"line":258,"column":52}},"107":{"start":{"line":258,"column":23},"end":{"line":258,"column":52}},"108":{"start":{"line":261,"column":4},"end":{"line":263,"column":5}},"109":{"start":{"line":262,"column":6},"end":{"line":262,"column":43}},"110":{"start":{"line":266,"column":4},"end":{"line":269,"column":5}},"111":{"start":{"line":267,"column":6},"end":{"line":267,"column":40}},"112":{"start":{"line":268,"column":6},"end":{"line":268,"column":44}},"113":{"start":{"line":273,"column":4},"end":{"line":276,"column":5}},"114":{"start":{"line":274,"column":6},"end":{"line":274,"column":28}},"115":{"start":{"line":275,"column":6},"end":{"line":275,"column":13}},"116":{"start":{"line":278,"column":4},"end":{"line":281,"column":5}},"117":{"start":{"line":279,"column":6},"end":{"line":279,"column":28}},"118":{"start":{"line":280,"column":6},"end":{"line":280,"column":13}},"119":{"start":{"line":283,"column":4},"end":{"line":285,"column":5}},"120":{"start":{"line":284,"column":6},"end":{"line":284,"column":25}}},"fnMap":{"0":{"name":"(anonymous_0)","decl":{"start":{"line":30,"column":2},"end":{"line":30,"column":3}},"loc":{"start":{"line":30,"column":16},"end":{"line":38,"column":3}},"line":30},"1":{"name":"(anonymous_1)","decl":{"start":{"line":40,"column":2},"end":{"line":40,"column":3}},"loc":{"start":{"line":40,"column":15},"end":{"line":50,"column":3}},"line":40},"2":{"name":"(anonymous_2)","decl":{"start":{"line":52,"column":2},"end":{"line":52,"column":3}},"loc":{"start":{"line":52,"column":24},"end":{"line":80,"column":3}},"line":52},"3":{"name":"(anonymous_3)","decl":{"start":{"line":56,"column":47},"end":{"line":56,"column":48}},"loc":{"start":{"line":56,"column":53},"end":{"line":56,"column":74}},"line":56},"4":{"name":"(anonymous_4)","decl":{"start":{"line":62,"column":45},"end":{"line":62,"column":46}},"loc":{"start":{"line":62,"column":51},"end":{"line":62,"column":72}},"line":62},"5":{"name":"(anonymous_5)","decl":{"start":{"line":68,"column":44},"end":{"line":68,"column":45}},"loc":{"start":{"line":68,"column":50},"end":{"line":68,"column":68}},"line":68},"6":{"name":"(anonymous_6)","decl":{"start":{"line":73,"column":48},"end":{"line":73,"column":49}},"loc":{"start":{"line":73,"column":59},"end":{"line":78,"column":7}},"line":73},"7":{"name":"(anonymous_7)","decl":{"start":{"line":82,"column":2},"end":{"line":82,"column":3}},"loc":{"start":{"line":82,"column":25},"end":{"line":134,"column":3}},"line":82},"8":{"name":"(anonymous_8)","decl":{"start":{"line":136,"column":2},"end":{"line":136,"column":3}},"loc":{"start":{"line":136,"column":32},"end":{"line":159,"column":3}},"line":136},"9":{"name":"(anonymous_9)","decl":{"start":{"line":161,"column":2},"end":{"line":161,"column":3}},"loc":{"start":{"line":161,"column":21},"end":{"line":164,"column":3}},"line":161},"10":{"name":"(anonymous_10)","decl":{"start":{"line":166,"column":2},"end":{"line":166,"column":3}},"loc":{"start":{"line":166,"column":19},"end":{"line":181,"column":3}},"line":166},"11":{"name":"(anonymous_11)","decl":{"start":{"line":183,"column":2},"end":{"line":183,"column":3}},"loc":{"start":{"line":183,"column":16},"end":{"line":251,"column":3}},"line":183},"12":{"name":"(anonymous_12)","decl":{"start":{"line":247,"column":17},"end":{"line":247,"column":18}},"loc":{"start":{"line":247,"column":23},"end":{"line":249,"column":7}},"line":247},"13":{"name":"(anonymous_13)","decl":{"start":{"line":253,"column":2},"end":{"line":253,"column":3}},"loc":{"start":{"line":253,"column":39},"end":{"line":270,"column":3}},"line":253},"14":{"name":"(anonymous_14)","decl":{"start":{"line":272,"column":2},"end":{"line":272,"column":3}},"loc":{"start":{"line":272,"column":19},"end":{"line":286,"column":3}},"line":272}},"branchMap":{"0":{"loc":{"start":{"line":55,"column":4},"end":{"line":57,"column":5}},"type":"if","locations":[{"start":{"line":55,"column":4},"end":{"line":57,"column":5}},{"start":{},"end":{}}],"line":55},"1":{"loc":{"start":{"line":61,"column":4},"end":{"line":63,"column":5}},"type":"if","locations":[{"start":{"line":61,"column":4},"end":{"line":63,"column":5}},{"start":{},"end":{}}],"line":61},"2":{"loc":{"start":{"line":67,"column":4},"end":{"line":69,"column":5}},"type":"if","locations":[{"start":{"line":67,"column":4},"end":{"line":69,"column":5}},{"start":{},"end":{}}],"line":67},"3":{"loc":{"start":{"line":72,"column":4},"end":{"line":79,"column":5}},"type":"if","locations":[{"start":{"line":72,"column":4},"end":{"line":79,"column":5}},{"start":{},"end":{}}],"line":72},"4":{"loc":{"start":{"line":74,"column":8},"end":{"line":77,"column":9}},"type":"if","locations":[{"start":{"line":74,"column":8},"end":{"line":77,"column":9}},{"start":{},"end":{}}],"line":74},"5":{"loc":{"start":{"line":89,"column":4},"end":{"line":91,"column":5}},"type":"if","locations":[{"start":{"line":89,"column":4},"end":{"line":91,"column":5}},{"start":{},"end":{}}],"line":89},"6":{"loc":{"start":{"line":94,"column":4},"end":{"line":96,"column":5}},"type":"if","locations":[{"start":{"line":94,"column":4},"end":{"line":96,"column":5}},{"start":{},"end":{}}],"line":94},"7":{"loc":{"start":{"line":103,"column":6},"end":{"line":113,"column":7}},"type":"if","locations":[{"start":{"line":103,"column":6},"end":{"line":113,"column":7}},{"start":{},"end":{}}],"line":103},"8":{"loc":{"start":{"line":107,"column":8},"end":{"line":112,"column":9}},"type":"if","locations":[{"start":{"line":107,"column":8},"end":{"line":112,"column":9}},{"start":{},"end":{}}],"line":107},"9":{"loc":{"start":{"line":109,"column":10},"end":{"line":111,"column":11}},"type":"if","locations":[{"start":{"line":109,"column":10},"end":{"line":111,"column":11}},{"start":{},"end":{}}],"line":109},"10":{"loc":{"start":{"line":116,"column":6},"end":{"line":118,"column":7}},"type":"if","locations":[{"start":{"line":116,"column":6},"end":{"line":118,"column":7}},{"start":{},"end":{}}],"line":116},"11":{"loc":{"start":{"line":126,"column":6},"end":{"line":128,"column":7}},"type":"if","locations":[{"start":{"line":126,"column":6},"end":{"line":128,"column":7}},{"start":{},"end":{}}],"line":126},"12":{"loc":{"start":{"line":137,"column":4},"end":{"line":137,"column":30}},"type":"if","locations":[{"start":{"line":137,"column":4},"end":{"line":137,"column":30}},{"start":{},"end":{}}],"line":137},"13":{"loc":{"start":{"line":142,"column":4},"end":{"line":144,"column":5}},"type":"if","locations":[{"start":{"line":142,"column":4},"end":{"line":144,"column":5}},{"start":{},"end":{}}],"line":142},"14":{"loc":{"start":{"line":145,"column":4},"end":{"line":147,"column":5}},"type":"if","locations":[{"start":{"line":145,"column":4},"end":{"line":147,"column":5}},{"start":{},"end":{}}],"line":145},"15":{"loc":{"start":{"line":150,"column":4},"end":{"line":152,"column":5}},"type":"if","locations":[{"start":{"line":150,"column":4},"end":{"line":152,"column":5}},{"start":{},"end":{}}],"line":150},"16":{"loc":{"start":{"line":155,"column":4},"end":{"line":158,"column":5}},"type":"if","locations":[{"start":{"line":155,"column":4},"end":{"line":158,"column":5}},{"start":{},"end":{}}],"line":155},"17":{"loc":{"start":{"line":167,"column":4},"end":{"line":167,"column":32}},"type":"if","locations":[{"start":{"line":167,"column":4},"end":{"line":167,"column":32}},{"start":{},"end":{}}],"line":167},"18":{"loc":{"start":{"line":169,"column":4},"end":{"line":180,"column":5}},"type":"if","locations":[{"start":{"line":169,"column":4},"end":{"line":180,"column":5}},{"start":{"line":178,"column":11},"end":{"line":180,"column":5}}],"line":169},"19":{"loc":{"start":{"line":169,"column":8},"end":{"line":169,"column":80}},"type":"binary-expr","locations":[{"start":{"line":169,"column":8},"end":{"line":169,"column":47}},{"start":{"line":169,"column":51},"end":{"line":169,"column":80}}],"line":169},"20":{"loc":{"start":{"line":170,"column":6},"end":{"line":177,"column":7}},"type":"if","locations":[{"start":{"line":170,"column":6},"end":{"line":177,"column":7}},{"start":{"line":174,"column":13},"end":{"line":177,"column":7}}],"line":170},"21":{"loc":{"start":{"line":186,"column":4},"end":{"line":189,"column":5}},"type":"if","locations":[{"start":{"line":186,"column":4},"end":{"line":189,"column":5}},{"start":{},"end":{}}],"line":186},"22":{"loc":{"start":{"line":186,"column":8},"end":{"line":186,"column":52}},"type":"binary-expr","locations":[{"start":{"line":186,"column":8},"end":{"line":186,"column":22}},{"start":{"line":186,"column":26},"end":{"line":186,"column":52}}],"line":186},"23":{"loc":{"start":{"line":192,"column":26},"end":{"line":192,"column":64}},"type":"binary-expr","locations":[{"start":{"line":192,"column":26},"end":{"line":192,"column":58}},{"start":{"line":192,"column":62},"end":{"line":192,"column":64}}],"line":192},"24":{"loc":{"start":{"line":194,"column":4},"end":{"line":197,"column":5}},"type":"if","locations":[{"start":{"line":194,"column":4},"end":{"line":197,"column":5}},{"start":{},"end":{}}],"line":194},"25":{"loc":{"start":{"line":206,"column":4},"end":{"line":224,"column":5}},"type":"if","locations":[{"start":{"line":206,"column":4},"end":{"line":224,"column":5}},{"start":{},"end":{}}],"line":206},"26":{"loc":{"start":{"line":207,"column":6},"end":{"line":221,"column":7}},"type":"if","locations":[{"start":{"line":207,"column":6},"end":{"line":221,"column":7}},{"start":{"line":215,"column":13},"end":{"line":221,"column":7}}],"line":207},"27":{"loc":{"start":{"line":227,"column":4},"end":{"line":243,"column":5}},"type":"if","locations":[{"start":{"line":227,"column":4},"end":{"line":243,"column":5}},{"start":{"line":237,"column":11},"end":{"line":243,"column":5}}],"line":227},"28":{"loc":{"start":{"line":229,"column":28},"end":{"line":229,"column":76}},"type":"binary-expr","locations":[{"start":{"line":229,"column":28},"end":{"line":229,"column":69}},{"start":{"line":229,"column":73},"end":{"line":229,"column":76}}],"line":229},"29":{"loc":{"start":{"line":246,"column":4},"end":{"line":250,"column":5}},"type":"if","locations":[{"start":{"line":246,"column":4},"end":{"line":250,"column":5}},{"start":{},"end":{}}],"line":246},"30":{"loc":{"start":{"line":253,"column":26},"end":{"line":253,"column":37}},"type":"default-arg","locations":[{"start":{"line":253,"column":35},"end":{"line":253,"column":37}}],"line":253},"31":{"loc":{"start":{"line":257,"column":4},"end":{"line":257,"column":58}},"type":"if","locations":[{"start":{"line":257,"column":4},"end":{"line":257,"column":58}},{"start":{},"end":{}}],"line":257},"32":{"loc":{"start":{"line":258,"column":4},"end":{"line":258,"column":52}},"type":"if","locations":[{"start":{"line":258,"column":4},"end":{"line":258,"column":52}},{"start":{},"end":{}}],"line":258},"33":{"loc":{"start":{"line":261,"column":4},"end":{"line":263,"column":5}},"type":"if","locations":[{"start":{"line":261,"column":4},"end":{"line":263,"column":5}},{"start":{},"end":{}}],"line":261},"34":{"loc":{"start":{"line":266,"column":4},"end":{"line":269,"column":5}},"type":"if","locations":[{"start":{"line":266,"column":4},"end":{"line":269,"column":5}},{"start":{},"end":{}}],"line":266},"35":{"loc":{"start":{"line":266,"column":8},"end":{"line":266,"column":32}},"type":"binary-expr","locations":[{"start":{"line":266,"column":8},"end":{"line":266,"column":22}},{"start":{"line":266,"column":26},"end":{"line":266,"column":32}}],"line":266},"36":{"loc":{"start":{"line":273,"column":4},"end":{"line":276,"column":5}},"type":"if","locations":[{"start":{"line":273,"column":4},"end":{"line":276,"column":5}},{"start":{},"end":{}}],"line":273},"37":{"loc":{"start":{"line":278,"column":4},"end":{"line":281,"column":5}},"type":"if","locations":[{"start":{"line":278,"column":4},"end":{"line":281,"column":5}},{"start":{},"end":{}}],"line":278},"38":{"loc":{"start":{"line":283,"column":4},"end":{"line":285,"column":5}},"type":"if","locations":[{"start":{"line":283,"column":4},"end":{"line":285,"column":5}},{"start":{},"end":{}}],"line":283}},"s":{"0":0,"1":0,"2":0,"3":0,"4":0,"5":0,"6":0,"7":0,"8":0,"9":0,"10":0,"11":0,"12":0,"13":0,"14":0,"15":0,"16":0,"17":0,"18":0,"19":0,"20":0,"21":0,"22":0,"23":0,"24":0,"25":0,"26":0,"27":0,"28":0,"29":0,"30":0,"31":0,"32":0,"33":0,"34":0,"35":0,"36":0,"37":0,"38":0,"39":0,"40":0,"41":0,"42":0,"43":0,"44":0,"45":0,"46":0,"47":0,"48":0,"49":0,"50":0,"51":0,"52":0,"53":0,"54":0,"55":0,"56":0,"57":0,"58":0,"59":0,"60":0,"61":0,"62":0,"63":0,"64":0,"65":0,"66":0,"67":0,"68":0,"69":0,"70":0,"71":0,"72":0,"73":0,"74":0,"75":0,"76":0,"77":0,"78":0,"79":0,"80":0,"81":0,"82":0,"83":0,"84":0,"85":0,"86":0,"87":0,"88":0,"89":0,"90":0,"91":0,"92":0,"93":0,"94":0,"95":0,"96":0,"97":0,"98":0,"99":0,"100":0,"101":0,"102":0,"103":0,"104":0,"105":0,"106":0,"107":0,"108":0,"109":0,"110":0,"111":0,"112":0,"113":0,"114":0,"115":0,"116":0,"117":0,"118":0,"119":0,"120":0},"f":{"0":0,"1":0,"2":0,"3":0,"4":0,"5":0,"6":0,"7":0,"8":0,"9":0,"10":0,"11":0,"12":0,"13":0,"14":0},"b":{"0":[0,0],"1":[0,0],"2":[0,0],"3":[0,0],"4":[0,0],"5":[0,0],"6":[0,0],"7":[0,0],"8":[0,0],"9":[0,0],"10":[0,0],"11":[0,0],"12":[0,0],"13":[0,0],"14":[0,0],"15":[0,0],"16":[0,0],"17":[0,0],"18":[0,0],"19":[0,0],"20":[0,0],"21":[0,0],"22":[0,0],"23":[0,0],"24":[0,0],"25":[0,0],"26":[0,0],"27":[0,0],"28":[0,0],"29":[0,0],"30":[0],"31":[0,0],"32":[0,0],"33":[0,0],"34":[0,0],"35":[0,0],"36":[0,0],"37":[0,0],"38":[0,0]}}
,"/Users/alex/coding/projects/jeopardish/src/components/ui/ScoreBoard.js": {"path":"/Users/alex/coding/projects/jeopardish/src/components/ui/ScoreBoard.js","statementMap":{"0":{"start":{"line":10,"column":4},"end":{"line":10,"column":58}},"1":{"start":{"line":11,"column":4},"end":{"line":14,"column":5}},"2":{"start":{"line":12,"column":6},"end":{"line":12,"column":80}},"3":{"start":{"line":13,"column":6},"end":{"line":13,"column":13}},"4":{"start":{"line":16,"column":4},"end":{"line":21,"column":6}},"5":{"start":{"line":23,"column":4},"end":{"line":23,"column":16}},"6":{"start":{"line":28,"column":4},"end":{"line":28,"column":59}},"7":{"start":{"line":29,"column":4},"end":{"line":29,"column":61}},"8":{"start":{"line":30,"column":4},"end":{"line":30,"column":66}},"9":{"start":{"line":31,"column":4},"end":{"line":31,"column":68}},"10":{"start":{"line":34,"column":4},"end":{"line":34,"column":75}},"11":{"start":{"line":37,"column":4},"end":{"line":37,"column":43}},"12":{"start":{"line":38,"column":4},"end":{"line":38,"column":48}},"13":{"start":{"line":39,"column":4},"end":{"line":39,"column":39}},"14":{"start":{"line":42,"column":4},"end":{"line":42,"column":30}},"15":{"start":{"line":44,"column":4},"end":{"line":44,"column":44}},"16":{"start":{"line":48,"column":4},"end":{"line":58,"column":5}},"17":{"start":{"line":50,"column":8},"end":{"line":50,"column":52}},"18":{"start":{"line":51,"column":8},"end":{"line":51,"column":14}},"19":{"start":{"line":53,"column":8},"end":{"line":53,"column":53}},"20":{"start":{"line":54,"column":8},"end":{"line":54,"column":14}},"21":{"start":{"line":56,"column":8},"end":{"line":56,"column":28}},"22":{"start":{"line":57,"column":8},"end":{"line":57,"column":14}},"23":{"start":{"line":62,"column":4},"end":{"line":68,"column":5}},"24":{"start":{"line":63,"column":23},"end":{"line":63,"column":69}},"25":{"start":{"line":64,"column":6},"end":{"line":67,"column":7}},"26":{"start":{"line":65,"column":8},"end":{"line":65,"column":50}},"27":{"start":{"line":66,"column":8},"end":{"line":66,"column":48}},"28":{"start":{"line":70,"column":4},"end":{"line":76,"column":5}},"29":{"start":{"line":71,"column":22},"end":{"line":71,"column":71}},"30":{"start":{"line":72,"column":6},"end":{"line":75,"column":7}},"31":{"start":{"line":73,"column":8},"end":{"line":73,"column":50}},"32":{"start":{"line":74,"column":8},"end":{"line":74,"column":51}},"33":{"start":{"line":80,"column":4},"end":{"line":86,"column":5}},"34":{"start":{"line":81,"column":23},"end":{"line":81,"column":70}},"35":{"start":{"line":82,"column":6},"end":{"line":85,"column":7}},"36":{"start":{"line":83,"column":8},"end":{"line":83,"column":51}},"37":{"start":{"line":84,"column":8},"end":{"line":84,"column":49}},"38":{"start":{"line":88,"column":4},"end":{"line":94,"column":5}},"39":{"start":{"line":89,"column":22},"end":{"line":89,"column":72}},"40":{"start":{"line":90,"column":6},"end":{"line":93,"column":7}},"41":{"start":{"line":91,"column":8},"end":{"line":91,"column":51}},"42":{"start":{"line":92,"column":8},"end":{"line":92,"column":52}},"43":{"start":{"line":98,"column":4},"end":{"line":98,"column":25}},"44":{"start":{"line":98,"column":18},"end":{"line":98,"column":25}},"45":{"start":{"line":100,"column":4},"end":{"line":100,"column":43}},"46":{"start":{"line":101,"column":4},"end":{"line":103,"column":12}},"47":{"start":{"line":102,"column":6},"end":{"line":102,"column":48}},"48":{"start":{"line":109,"column":4},"end":{"line":112,"column":7}},"49":{"start":{"line":110,"column":6},"end":{"line":110,"column":33}},"50":{"start":{"line":111,"column":6},"end":{"line":111,"column":43}},"51":{"start":{"line":114,"column":4},"end":{"line":118,"column":7}},"52":{"start":{"line":115,"column":6},"end":{"line":117,"column":15}},"53":{"start":{"line":116,"column":8},"end":{"line":116,"column":48}},"54":{"start":{"line":122,"column":4},"end":{"line":127,"column":7}},"55":{"start":{"line":123,"column":6},"end":{"line":126,"column":7}},"56":{"start":{"line":124,"column":8},"end":{"line":124,"column":34}},"57":{"start":{"line":125,"column":8},"end":{"line":125,"column":36}},"58":{"start":{"line":131,"column":4},"end":{"line":133,"column":5}},"59":{"start":{"line":132,"column":6},"end":{"line":132,"column":25}}},"fnMap":{"0":{"name":"(anonymous_0)","decl":{"start":{"line":9,"column":2},"end":{"line":9,"column":3}},"loc":{"start":{"line":9,"column":42},"end":{"line":24,"column":3}},"line":9},"1":{"name":"(anonymous_1)","decl":{"start":{"line":26,"column":2},"end":{"line":26,"column":3}},"loc":{"start":{"line":26,"column":9},"end":{"line":45,"column":3}},"line":26},"2":{"name":"(anonymous_2)","decl":{"start":{"line":47,"column":2},"end":{"line":47,"column":3}},"loc":{"start":{"line":47,"column":48},"end":{"line":59,"column":3}},"line":47},"3":{"name":"(anonymous_3)","decl":{"start":{"line":61,"column":2},"end":{"line":61,"column":3}},"loc":{"start":{"line":61,"column":29},"end":{"line":77,"column":3}},"line":61},"4":{"name":"(anonymous_4)","decl":{"start":{"line":79,"column":2},"end":{"line":79,"column":3}},"loc":{"start":{"line":79,"column":30},"end":{"line":95,"column":3}},"line":79},"5":{"name":"(anonymous_5)","decl":{"start":{"line":97,"column":2},"end":{"line":97,"column":3}},"loc":{"start":{"line":97,"column":25},"end":{"line":104,"column":3}},"line":97},"6":{"name":"(anonymous_6)","decl":{"start":{"line":101,"column":15},"end":{"line":101,"column":16}},"loc":{"start":{"line":101,"column":21},"end":{"line":103,"column":5}},"line":101},"7":{"name":"(anonymous_7)","decl":{"start":{"line":106,"column":2},"end":{"line":106,"column":3}},"loc":{"start":{"line":106,"column":23},"end":{"line":119,"column":3}},"line":106},"8":{"name":"(anonymous_8)","decl":{"start":{"line":109,"column":50},"end":{"line":109,"column":51}},"loc":{"start":{"line":109,"column":56},"end":{"line":112,"column":5}},"line":109},"9":{"name":"(anonymous_9)","decl":{"start":{"line":114,"column":50},"end":{"line":114,"column":51}},"loc":{"start":{"line":114,"column":56},"end":{"line":118,"column":5}},"line":114},"10":{"name":"(anonymous_10)","decl":{"start":{"line":115,"column":32},"end":{"line":115,"column":33}},"loc":{"start":{"line":115,"column":38},"end":{"line":117,"column":7}},"line":115},"11":{"name":"(anonymous_11)","decl":{"start":{"line":121,"column":2},"end":{"line":121,"column":3}},"loc":{"start":{"line":121,"column":17},"end":{"line":128,"column":3}},"line":121},"12":{"name":"(anonymous_12)","decl":{"start":{"line":122,"column":41},"end":{"line":122,"column":42}},"loc":{"start":{"line":122,"column":52},"end":{"line":127,"column":5}},"line":122},"13":{"name":"(anonymous_13)","decl":{"start":{"line":130,"column":2},"end":{"line":130,"column":3}},"loc":{"start":{"line":130,"column":12},"end":{"line":134,"column":3}},"line":130}},"branchMap":{"0":{"loc":{"start":{"line":9,"column":14},"end":{"line":9,"column":40}},"type":"default-arg","locations":[{"start":{"line":9,"column":28},"end":{"line":9,"column":40}}],"line":9},"1":{"loc":{"start":{"line":11,"column":4},"end":{"line":14,"column":5}},"type":"if","locations":[{"start":{"line":11,"column":4},"end":{"line":14,"column":5}},{"start":{},"end":{}}],"line":11},"2":{"loc":{"start":{"line":48,"column":4},"end":{"line":58,"column":5}},"type":"switch","locations":[{"start":{"line":49,"column":6},"end":{"line":51,"column":14}},{"start":{"line":52,"column":6},"end":{"line":54,"column":14}},{"start":{"line":55,"column":6},"end":{"line":57,"column":14}}],"line":48},"3":{"loc":{"start":{"line":62,"column":4},"end":{"line":68,"column":5}},"type":"if","locations":[{"start":{"line":62,"column":4},"end":{"line":68,"column":5}},{"start":{},"end":{}}],"line":62},"4":{"loc":{"start":{"line":63,"column":23},"end":{"line":63,"column":69}},"type":"binary-expr","locations":[{"start":{"line":63,"column":23},"end":{"line":63,"column":64}},{"start":{"line":63,"column":68},"end":{"line":63,"column":69}}],"line":63},"5":{"loc":{"start":{"line":64,"column":6},"end":{"line":67,"column":7}},"type":"if","locations":[{"start":{"line":64,"column":6},"end":{"line":67,"column":7}},{"start":{},"end":{}}],"line":64},"6":{"loc":{"start":{"line":70,"column":4},"end":{"line":76,"column":5}},"type":"if","locations":[{"start":{"line":70,"column":4},"end":{"line":76,"column":5}},{"start":{},"end":{}}],"line":70},"7":{"loc":{"start":{"line":71,"column":22},"end":{"line":71,"column":71}},"type":"binary-expr","locations":[{"start":{"line":71,"column":22},"end":{"line":71,"column":66}},{"start":{"line":71,"column":70},"end":{"line":71,"column":71}}],"line":71},"8":{"loc":{"start":{"line":72,"column":6},"end":{"line":75,"column":7}},"type":"if","locations":[{"start":{"line":72,"column":6},"end":{"line":75,"column":7}},{"start":{},"end":{}}],"line":72},"9":{"loc":{"start":{"line":80,"column":4},"end":{"line":86,"column":5}},"type":"if","locations":[{"start":{"line":80,"column":4},"end":{"line":86,"column":5}},{"start":{},"end":{}}],"line":80},"10":{"loc":{"start":{"line":81,"column":23},"end":{"line":81,"column":70}},"type":"binary-expr","locations":[{"start":{"line":81,"column":23},"end":{"line":81,"column":65}},{"start":{"line":81,"column":69},"end":{"line":81,"column":70}}],"line":81},"11":{"loc":{"start":{"line":82,"column":6},"end":{"line":85,"column":7}},"type":"if","locations":[{"start":{"line":82,"column":6},"end":{"line":85,"column":7}},{"start":{},"end":{}}],"line":82},"12":{"loc":{"start":{"line":88,"column":4},"end":{"line":94,"column":5}},"type":"if","locations":[{"start":{"line":88,"column":4},"end":{"line":94,"column":5}},{"start":{},"end":{}}],"line":88},"13":{"loc":{"start":{"line":89,"column":22},"end":{"line":89,"column":72}},"type":"binary-expr","locations":[{"start":{"line":89,"column":22},"end":{"line":89,"column":67}},{"start":{"line":89,"column":71},"end":{"line":89,"column":72}}],"line":89},"14":{"loc":{"start":{"line":90,"column":6},"end":{"line":93,"column":7}},"type":"if","locations":[{"start":{"line":90,"column":6},"end":{"line":93,"column":7}},{"start":{},"end":{}}],"line":90},"15":{"loc":{"start":{"line":98,"column":4},"end":{"line":98,"column":25}},"type":"if","locations":[{"start":{"line":98,"column":4},"end":{"line":98,"column":25}},{"start":{},"end":{}}],"line":98},"16":{"loc":{"start":{"line":123,"column":6},"end":{"line":126,"column":7}},"type":"if","locations":[{"start":{"line":123,"column":6},"end":{"line":126,"column":7}},{"start":{},"end":{}}],"line":123},"17":{"loc":{"start":{"line":123,"column":10},"end":{"line":123,"column":48}},"type":"binary-expr","locations":[{"start":{"line":123,"column":10},"end":{"line":123,"column":17}},{"start":{"line":123,"column":21},"end":{"line":123,"column":48}}],"line":123},"18":{"loc":{"start":{"line":131,"column":4},"end":{"line":133,"column":5}},"type":"if","locations":[{"start":{"line":131,"column":4},"end":{"line":133,"column":5}},{"start":{},"end":{}}],"line":131}},"s":{"0":0,"1":0,"2":0,"3":0,"4":0,"5":0,"6":0,"7":0,"8":0,"9":0,"10":0,"11":0,"12":0,"13":0,"14":0,"15":0,"16":0,"17":0,"18":0,"19":0,"20":0,"21":0,"22":0,"23":0,"24":0,"25":0,"26":0,"27":0,"28":0,"29":0,"30":0,"31":0,"32":0,"33":0,"34":0,"35":0,"36":0,"37":0,"38":0,"39":0,"40":0,"41":0,"42":0,"43":0,"44":0,"45":0,"46":0,"47":0,"48":0,"49":0,"50":0,"51":0,"52":0,"53":0,"54":0,"55":0,"56":0,"57":0,"58":0,"59":0},"f":{"0":0,"1":0,"2":0,"3":0,"4":0,"5":0,"6":0,"7":0,"8":0,"9":0,"10":0,"11":0,"12":0,"13":0},"b":{"0":[0],"1":[0,0],"2":[0,0,0],"3":[0,0],"4":[0,0],"5":[0,0],"6":[0,0],"7":[0,0],"8":[0,0],"9":[0,0],"10":[0,0],"11":[0,0],"12":[0,0],"13":[0,0],"14":[0,0],"15":[0,0],"16":[0,0],"17":[0,0],"18":[0,0]}}
,"/Users/alex/coding/projects/jeopardish/src/config/environment.js": {"path":"/Users/alex/coding/projects/jeopardish/src/config/environment.js","statementMap":{"0":{"start":{"line":7,"column":22},"end":{"line":36,"column":1}},"1":{"start":{"line":39,"column":26},"end":{"line":48,"column":1}},"2":{"start":{"line":51,"column":20},"end":{"line":51,"column":57}},"3":{"start":{"line":54,"column":22},"end":{"line":58,"column":1}},"4":{"start":{"line":62,"column":17},"end":{"line":62,"column":19}},"5":{"start":{"line":65,"column":2},"end":{"line":67,"column":3}},"6":{"start":{"line":66,"column":4},"end":{"line":66,"column":86}},"7":{"start":{"line":70,"column":2},"end":{"line":72,"column":3}},"8":{"start":{"line":71,"column":4},"end":{"line":71,"column":105}},"9":{"start":{"line":74,"column":2},"end":{"line":74,"column":16}},"10":{"start":{"line":78,"column":0},"end":{"line":78,"column":17}}},"fnMap":{"0":{"name":"validateConfig","decl":{"start":{"line":61,"column":16},"end":{"line":61,"column":30}},"loc":{"start":{"line":61,"column":33},"end":{"line":75,"column":1}},"line":61}},"branchMap":{"0":{"loc":{"start":{"line":15,"column":12},"end":{"line":15,"column":56}},"type":"binary-expr","locations":[{"start":{"line":15,"column":12},"end":{"line":15,"column":50}},{"start":{"line":15,"column":54},"end":{"line":15,"column":56}}],"line":15},"1":{"loc":{"start":{"line":18,"column":12},"end":{"line":18,"column":55}},"type":"binary-expr","locations":[{"start":{"line":18,"column":12},"end":{"line":18,"column":49}},{"start":{"line":18,"column":53},"end":{"line":18,"column":55}}],"line":18},"2":{"loc":{"start":{"line":19,"column":16},"end":{"line":19,"column":63}},"type":"binary-expr","locations":[{"start":{"line":19,"column":16},"end":{"line":19,"column":57}},{"start":{"line":19,"column":61},"end":{"line":19,"column":63}}],"line":19},"3":{"loc":{"start":{"line":20,"column":15},"end":{"line":20,"column":61}},"type":"binary-expr","locations":[{"start":{"line":20,"column":15},"end":{"line":20,"column":55}},{"start":{"line":20,"column":59},"end":{"line":20,"column":61}}],"line":20},"4":{"loc":{"start":{"line":21,"column":19},"end":{"line":21,"column":69}},"type":"binary-expr","locations":[{"start":{"line":21,"column":19},"end":{"line":21,"column":63}},{"start":{"line":21,"column":67},"end":{"line":21,"column":69}}],"line":21},"5":{"loc":{"start":{"line":22,"column":23},"end":{"line":22,"column":78}},"type":"binary-expr","locations":[{"start":{"line":22,"column":23},"end":{"line":22,"column":72}},{"start":{"line":22,"column":76},"end":{"line":22,"column":78}}],"line":22},"6":{"loc":{"start":{"line":23,"column":11},"end":{"line":23,"column":53}},"type":"binary-expr","locations":[{"start":{"line":23,"column":11},"end":{"line":23,"column":47}},{"start":{"line":23,"column":51},"end":{"line":23,"column":53}}],"line":23},"7":{"loc":{"start":{"line":51,"column":20},"end":{"line":51,"column":57}},"type":"binary-expr","locations":[{"start":{"line":51,"column":20},"end":{"line":51,"column":40}},{"start":{"line":51,"column":44},"end":{"line":51,"column":57}}],"line":51},"8":{"loc":{"start":{"line":65,"column":2},"end":{"line":67,"column":3}},"type":"if","locations":[{"start":{"line":65,"column":2},"end":{"line":67,"column":3}},{"start":{},"end":{}}],"line":65},"9":{"loc":{"start":{"line":70,"column":2},"end":{"line":72,"column":3}},"type":"if","locations":[{"start":{"line":70,"column":2},"end":{"line":72,"column":3}},{"start":{},"end":{}}],"line":70}},"s":{"0":0,"1":0,"2":0,"3":0,"4":0,"5":0,"6":0,"7":0,"8":0,"9":0,"10":0},"f":{"0":0},"b":{"0":[0,0],"1":[0,0],"2":[0,0],"3":[0,0],"4":[0,0],"5":[0,0],"6":[0,0],"7":[0,0],"8":[0,0],"9":[0,0]}}
,"/Users/alex/coding/projects/jeopardish/src/services/api/questionService.js": {"path":"/Users/alex/coding/projects/jeopardish/src/services/api/questionService.js","statementMap":{"0":{"start":{"line":6,"column":16},"end":{"line":6,"column":58}},"1":{"start":{"line":7,"column":19},"end":{"line":7,"column":22}},"2":{"start":{"line":10,"column":19},"end":{"line":10,"column":21}},"3":{"start":{"line":11,"column":16},"end":{"line":11,"column":18}},"4":{"start":{"line":18,"column":2},"end":{"line":18,"column":61}},"5":{"start":{"line":19,"column":2},"end":{"line":31,"column":3}},"6":{"start":{"line":20,"column":21},"end":{"line":20,"column":41}},"7":{"start":{"line":21,"column":4},"end":{"line":23,"column":5}},"8":{"start":{"line":22,"column":6},"end":{"line":22,"column":64}},"9":{"start":{"line":24,"column":17},"end":{"line":24,"column":38}},"10":{"start":{"line":25,"column":4},"end":{"line":25,"column":49}},"11":{"start":{"line":26,"column":4},"end":{"line":26,"column":39}},"12":{"start":{"line":28,"column":4},"end":{"line":28,"column":49}},"13":{"start":{"line":29,"column":4},"end":{"line":29,"column":57}},"14":{"start":{"line":30,"column":4},"end":{"line":30,"column":16}},"15":{"start":{"line":39,"column":2},"end":{"line":39,"column":53}},"16":{"start":{"line":41,"column":2},"end":{"line":55,"column":3}},"17":{"start":{"line":42,"column":4},"end":{"line":54,"column":5}},"18":{"start":{"line":43,"column":23},"end":{"line":43,"column":63}},"19":{"start":{"line":44,"column":6},"end":{"line":46,"column":7}},"20":{"start":{"line":45,"column":8},"end":{"line":45,"column":66}},"21":{"start":{"line":48,"column":19},"end":{"line":48,"column":40}},"22":{"start":{"line":49,"column":6},"end":{"line":49,"column":71}},"23":{"start":{"line":50,"column":6},"end":{"line":50,"column":26}},"24":{"start":{"line":52,"column":6},"end":{"line":52,"column":63}},"25":{"start":{"line":53,"column":6},"end":{"line":53,"column":19}},"26":{"start":{"line":57,"column":2},"end":{"line":60,"column":3}},"27":{"start":{"line":58,"column":4},"end":{"line":58,"column":96}},"28":{"start":{"line":59,"column":4},"end":{"line":59,"column":17}},"29":{"start":{"line":62,"column":2},"end":{"line":62,"column":43}},"30":{"start":{"line":63,"column":2},"end":{"line":63,"column":29}},"31":{"start":{"line":64,"column":2},"end":{"line":64,"column":48}},"32":{"start":{"line":65,"column":2},"end":{"line":65,"column":73}},"33":{"start":{"line":66,"column":2},"end":{"line":66,"column":14}},"34":{"start":{"line":74,"column":2},"end":{"line":76,"column":3}},"35":{"start":{"line":75,"column":4},"end":{"line":75,"column":16}},"36":{"start":{"line":77,"column":2},"end":{"line":77,"column":27}},"37":{"start":{"line":86,"column":16},"end":{"line":86,"column":32}},"38":{"start":{"line":87,"column":18},"end":{"line":87,"column":37}},"39":{"start":{"line":88,"column":2},"end":{"line":94,"column":5}},"40":{"start":{"line":89,"column":19},"end":{"line":89,"column":34}},"41":{"start":{"line":90,"column":4},"end":{"line":93,"column":11}},"42":{"start":{"line":91,"column":6},"end":{"line":91,"column":55}},"43":{"start":{"line":92,"column":6},"end":{"line":92,"column":17}},"44":{"start":{"line":103,"column":2},"end":{"line":114,"column":4}},"45":{"start":{"line":122,"column":2},"end":{"line":125,"column":3}},"46":{"start":{"line":122,"column":15},"end":{"line":122,"column":31}},"47":{"start":{"line":123,"column":14},"end":{"line":123,"column":49}},"48":{"start":{"line":124,"column":4},"end":{"line":124,"column":48}},"49":{"start":{"line":133,"column":25},"end":{"line":158,"column":3}},"50":{"start":{"line":160,"column":2},"end":{"line":160,"column":75}}},"fnMap":{"0":{"name":"fetchQuestionFromAPI","decl":{"start":{"line":17,"column":22},"end":{"line":17,"column":42}},"loc":{"start":{"line":17,"column":45},"end":{"line":32,"column":1}},"line":17},"1":{"name":"loadLocalQuestions","decl":{"start":{"line":38,"column":22},"end":{"line":38,"column":40}},"loc":{"start":{"line":38,"column":43},"end":{"line":67,"column":1}},"line":38},"2":{"name":"getNextLocalQuestion","decl":{"start":{"line":73,"column":16},"end":{"line":73,"column":36}},"loc":{"start":{"line":73,"column":39},"end":{"line":78,"column":1}},"line":73},"3":{"name":"parseCSV","decl":{"start":{"line":85,"column":16},"end":{"line":85,"column":24}},"loc":{"start":{"line":85,"column":31},"end":{"line":95,"column":1}},"line":85},"4":{"name":"(anonymous_4)","decl":{"start":{"line":88,"column":28},"end":{"line":88,"column":29}},"loc":{"start":{"line":88,"column":36},"end":{"line":94,"column":3}},"line":88},"5":{"name":"(anonymous_5)","decl":{"start":{"line":90,"column":26},"end":{"line":90,"column":27}},"loc":{"start":{"line":90,"column":50},"end":{"line":93,"column":5}},"line":90},"6":{"name":"normalizeQuestionData","decl":{"start":{"line":102,"column":16},"end":{"line":102,"column":37}},"loc":{"start":{"line":102,"column":48},"end":{"line":115,"column":1}},"line":102},"7":{"name":"shuffleArray","decl":{"start":{"line":121,"column":9},"end":{"line":121,"column":21}},"loc":{"start":{"line":121,"column":29},"end":{"line":126,"column":1}},"line":121},"8":{"name":"getErrorJoke","decl":{"start":{"line":132,"column":16},"end":{"line":132,"column":28}},"loc":{"start":{"line":132,"column":31},"end":{"line":161,"column":1}},"line":132}},"branchMap":{"0":{"loc":{"start":{"line":21,"column":4},"end":{"line":23,"column":5}},"type":"if","locations":[{"start":{"line":21,"column":4},"end":{"line":23,"column":5}},{"start":{},"end":{}}],"line":21},"1":{"loc":{"start":{"line":41,"column":2},"end":{"line":55,"column":3}},"type":"if","locations":[{"start":{"line":41,"column":2},"end":{"line":55,"column":3}},{"start":{},"end":{}}],"line":41},"2":{"loc":{"start":{"line":44,"column":6},"end":{"line":46,"column":7}},"type":"if","locations":[{"start":{"line":44,"column":6},"end":{"line":46,"column":7}},{"start":{},"end":{}}],"line":44},"3":{"loc":{"start":{"line":57,"column":2},"end":{"line":60,"column":3}},"type":"if","locations":[{"start":{"line":57,"column":2},"end":{"line":60,"column":3}},{"start":{},"end":{}}],"line":57},"4":{"loc":{"start":{"line":74,"column":2},"end":{"line":76,"column":3}},"type":"if","locations":[{"start":{"line":74,"column":2},"end":{"line":76,"column":3}},{"start":{},"end":{}}],"line":74},"5":{"loc":{"start":{"line":91,"column":27},"end":{"line":91,"column":54}},"type":"binary-expr","locations":[{"start":{"line":91,"column":27},"end":{"line":91,"column":48}},{"start":{"line":91,"column":52},"end":{"line":91,"column":54}}],"line":91},"6":{"loc":{"start":{"line":104,"column":14},"end":{"line":104,"column":82}},"type":"binary-expr","locations":[{"start":{"line":104,"column":14},"end":{"line":104,"column":38}},{"start":{"line":104,"column":42},"end":{"line":104,"column":59}},{"start":{"line":104,"column":63},"end":{"line":104,"column":82}}],"line":104},"7":{"loc":{"start":{"line":105,"column":14},"end":{"line":105,"column":54}},"type":"binary-expr","locations":[{"start":{"line":105,"column":14},"end":{"line":105,"column":31}},{"start":{"line":105,"column":35},"end":{"line":105,"column":48}},{"start":{"line":105,"column":52},"end":{"line":105,"column":54}}],"line":105},"8":{"loc":{"start":{"line":106,"column":12},"end":{"line":106,"column":33}},"type":"binary-expr","locations":[{"start":{"line":106,"column":12},"end":{"line":106,"column":27}},{"start":{"line":106,"column":31},"end":{"line":106,"column":33}}],"line":106},"9":{"loc":{"start":{"line":107,"column":11},"end":{"line":107,"column":32}},"type":"binary-expr","locations":[{"start":{"line":107,"column":11},"end":{"line":107,"column":25}},{"start":{"line":107,"column":29},"end":{"line":107,"column":32}}],"line":107},"10":{"loc":{"start":{"line":108,"column":13},"end":{"line":108,"column":57}},"type":"binary-expr","locations":[{"start":{"line":108,"column":13},"end":{"line":108,"column":29}},{"start":{"line":108,"column":33},"end":{"line":108,"column":57}}],"line":108},"11":{"loc":{"start":{"line":109,"column":16},"end":{"line":109,"column":47}},"type":"binary-expr","locations":[{"start":{"line":109,"column":16},"end":{"line":109,"column":35}},{"start":{"line":109,"column":39},"end":{"line":109,"column":47}}],"line":109},"12":{"loc":{"start":{"line":110,"column":16},"end":{"line":110,"column":40}},"type":"binary-expr","locations":[{"start":{"line":110,"column":16},"end":{"line":110,"column":35}},{"start":{"line":110,"column":39},"end":{"line":110,"column":40}}],"line":110},"13":{"loc":{"start":{"line":111,"column":16},"end":{"line":111,"column":48}},"type":"binary-expr","locations":[{"start":{"line":111,"column":16},"end":{"line":111,"column":35}},{"start":{"line":111,"column":39},"end":{"line":111,"column":48}}],"line":111},"14":{"loc":{"start":{"line":112,"column":12},"end":{"line":112,"column":40}},"type":"binary-expr","locations":[{"start":{"line":112,"column":12},"end":{"line":112,"column":27}},{"start":{"line":112,"column":31},"end":{"line":112,"column":40}}],"line":112},"15":{"loc":{"start":{"line":113,"column":13},"end":{"line":113,"column":42}},"type":"binary-expr","locations":[{"start":{"line":113,"column":13},"end":{"line":113,"column":29}},{"start":{"line":113,"column":33},"end":{"line":113,"column":42}}],"line":113}},"s":{"0":0,"1":0,"2":0,"3":0,"4":0,"5":0,"6":0,"7":0,"8":0,"9":0,"10":0,"11":0,"12":0,"13":0,"14":0,"15":0,"16":0,"17":0,"18":0,"19":0,"20":0,"21":0,"22":0,"23":0,"24":0,"25":0,"26":0,"27":0,"28":0,"29":0,"30":0,"31":0,"32":0,"33":0,"34":0,"35":0,"36":0,"37":0,"38":0,"39":0,"40":0,"41":0,"42":0,"43":0,"44":0,"45":0,"46":0,"47":0,"48":0,"49":0,"50":0},"f":{"0":0,"1":0,"2":0,"3":0,"4":0,"5":0,"6":0,"7":0,"8":0},"b":{"0":[0,0],"1":[0,0],"2":[0,0],"3":[0,0],"4":[0,0],"5":[0,0],"6":[0,0,0],"7":[0,0,0],"8":[0,0],"9":[0,0],"10":[0,0],"11":[0,0],"12":[0,0],"13":[0,0],"14":[0,0],"15":[0,0]}}
,"/Users/alex/coding/projects/jeopardish/src/store/gameState.js": {"path":"/Users/alex/coding/projects/jeopardish/src/store/gameState.js","statementMap":{"0":{"start":{"line":7,"column":21},"end":{"line":18,"column":1}},"1":{"start":{"line":21,"column":25},"end":{"line":21,"column":44}},"2":{"start":{"line":25,"column":2},"end":{"line":25,"column":35}},"3":{"start":{"line":26,"column":2},"end":{"line":29,"column":3}},"4":{"start":{"line":27,"column":4},"end":{"line":27,"column":49}},"5":{"start":{"line":28,"column":4},"end":{"line":28,"column":57}},"6":{"start":{"line":30,"column":2},"end":{"line":30,"column":93}},"7":{"start":{"line":34,"column":2},"end":{"line":42,"column":3}},"8":{"start":{"line":35,"column":4},"end":{"line":35,"column":30}},"9":{"start":{"line":36,"column":4},"end":{"line":39,"column":5}},"10":{"start":{"line":37,"column":6},"end":{"line":37,"column":53}},"11":{"start":{"line":38,"column":6},"end":{"line":38,"column":61}},"12":{"start":{"line":41,"column":4},"end":{"line":41,"column":32}},"13":{"start":{"line":43,"column":2},"end":{"line":43,"column":96}},"14":{"start":{"line":47,"column":2},"end":{"line":47,"column":39}},"15":{"start":{"line":48,"column":2},"end":{"line":48,"column":38}},"16":{"start":{"line":49,"column":2},"end":{"line":49,"column":35}},"17":{"start":{"line":50,"column":2},"end":{"line":50,"column":42}},"18":{"start":{"line":54,"column":2},"end":{"line":54,"column":37}},"19":{"start":{"line":55,"column":2},"end":{"line":57,"column":3}},"20":{"start":{"line":56,"column":4},"end":{"line":56,"column":27}},"21":{"start":{"line":58,"column":2},"end":{"line":58,"column":44}},"22":{"start":{"line":62,"column":2},"end":{"line":62,"column":37}},"23":{"start":{"line":63,"column":2},"end":{"line":63,"column":47}},"24":{"start":{"line":67,"column":2},"end":{"line":67,"column":29}},"25":{"start":{"line":68,"column":2},"end":{"line":68,"column":30}},"26":{"start":{"line":69,"column":2},"end":{"line":69,"column":35}},"27":{"start":{"line":70,"column":2},"end":{"line":70,"column":38}},"28":{"start":{"line":71,"column":2},"end":{"line":71,"column":35}},"29":{"start":{"line":72,"column":2},"end":{"line":72,"column":27}},"30":{"start":{"line":73,"column":2},"end":{"line":73,"column":35}},"31":{"start":{"line":78,"column":25},"end":{"line":78,"column":64}},"32":{"start":{"line":79,"column":26},"end":{"line":79,"column":66}},"33":{"start":{"line":81,"column":2},"end":{"line":83,"column":3}},"34":{"start":{"line":82,"column":4},"end":{"line":82,"column":55}},"35":{"start":{"line":84,"column":2},"end":{"line":86,"column":3}},"36":{"start":{"line":85,"column":4},"end":{"line":85,"column":57}},"37":{"start":{"line":90,"column":16},"end":{"line":93,"column":1}},"38":{"start":{"line":91,"column":20},"end":{"line":91,"column":45}},"39":{"start":{"line":92,"column":27},"end":{"line":92,"column":59}},"40":{"start":{"line":97,"column":2},"end":{"line":97,"column":57}},"41":{"start":{"line":104,"column":23},"end":{"line":104,"column":32}},"42":{"start":{"line":107,"column":2},"end":{"line":107,"column":31}},"43":{"start":{"line":108,"column":2},"end":{"line":108,"column":47}},"44":{"start":{"line":108,"column":15},"end":{"line":108,"column":46}},"45":{"start":{"line":112,"column":2},"end":{"line":114,"column":5}},"46":{"start":{"line":113,"column":4},"end":{"line":113,"column":52}}},"fnMap":{"0":{"name":"updateScore","decl":{"start":{"line":24,"column":16},"end":{"line":24,"column":27}},"loc":{"start":{"line":24,"column":36},"end":{"line":31,"column":1}},"line":24},"1":{"name":"updateStreak","decl":{"start":{"line":33,"column":16},"end":{"line":33,"column":28}},"loc":{"start":{"line":33,"column":38},"end":{"line":44,"column":1}},"line":33},"2":{"name":"setCurrentQuestion","decl":{"start":{"line":46,"column":16},"end":{"line":46,"column":34}},"loc":{"start":{"line":46,"column":45},"end":{"line":51,"column":1}},"line":46},"3":{"name":"revealAnswer","decl":{"start":{"line":53,"column":16},"end":{"line":53,"column":28}},"loc":{"start":{"line":53,"column":31},"end":{"line":59,"column":1}},"line":53},"4":{"name":"setShowingMessage","decl":{"start":{"line":61,"column":16},"end":{"line":61,"column":33}},"loc":{"start":{"line":61,"column":43},"end":{"line":64,"column":1}},"line":61},"5":{"name":"resetGame","decl":{"start":{"line":66,"column":16},"end":{"line":66,"column":25}},"loc":{"start":{"line":66,"column":28},"end":{"line":74,"column":1}},"line":66},"6":{"name":"loadSavedState","decl":{"start":{"line":77,"column":16},"end":{"line":77,"column":30}},"loc":{"start":{"line":77,"column":33},"end":{"line":87,"column":1}},"line":77},"7":{"name":"(anonymous_7)","decl":{"start":{"line":91,"column":11},"end":{"line":91,"column":12}},"loc":{"start":{"line":91,"column":20},"end":{"line":91,"column":45}},"line":91},"8":{"name":"(anonymous_8)","decl":{"start":{"line":92,"column":11},"end":{"line":92,"column":12}},"loc":{"start":{"line":92,"column":27},"end":{"line":92,"column":59}},"line":92},"9":{"name":"saveToLocalStorage","decl":{"start":{"line":96,"column":9},"end":{"line":96,"column":27}},"loc":{"start":{"line":96,"column":40},"end":{"line":98,"column":1}},"line":96},"10":{"name":"subscribeToState","decl":{"start":{"line":106,"column":16},"end":{"line":106,"column":32}},"loc":{"start":{"line":106,"column":43},"end":{"line":109,"column":1}},"line":106},"11":{"name":"(anonymous_11)","decl":{"start":{"line":108,"column":9},"end":{"line":108,"column":10}},"loc":{"start":{"line":108,"column":15},"end":{"line":108,"column":46}},"line":108},"12":{"name":"notifyStateChange","decl":{"start":{"line":111,"column":9},"end":{"line":111,"column":26}},"loc":{"start":{"line":111,"column":44},"end":{"line":115,"column":1}},"line":111},"13":{"name":"(anonymous_13)","decl":{"start":{"line":112,"column":25},"end":{"line":112,"column":26}},"loc":{"start":{"line":112,"column":37},"end":{"line":114,"column":3}},"line":112}},"branchMap":{"0":{"loc":{"start":{"line":26,"column":2},"end":{"line":29,"column":3}},"type":"if","locations":[{"start":{"line":26,"column":2},"end":{"line":29,"column":3}},{"start":{},"end":{}}],"line":26},"1":{"loc":{"start":{"line":34,"column":2},"end":{"line":42,"column":3}},"type":"if","locations":[{"start":{"line":34,"column":2},"end":{"line":42,"column":3}},{"start":{"line":40,"column":9},"end":{"line":42,"column":3}}],"line":34},"2":{"loc":{"start":{"line":36,"column":4},"end":{"line":39,"column":5}},"type":"if","locations":[{"start":{"line":36,"column":4},"end":{"line":39,"column":5}},{"start":{},"end":{}}],"line":36},"3":{"loc":{"start":{"line":55,"column":2},"end":{"line":57,"column":3}},"type":"if","locations":[{"start":{"line":55,"column":2},"end":{"line":57,"column":3}},{"start":{},"end":{}}],"line":55},"4":{"loc":{"start":{"line":81,"column":2},"end":{"line":83,"column":3}},"type":"if","locations":[{"start":{"line":81,"column":2},"end":{"line":83,"column":3}},{"start":{},"end":{}}],"line":81},"5":{"loc":{"start":{"line":84,"column":2},"end":{"line":86,"column":3}},"type":"if","locations":[{"start":{"line":84,"column":2},"end":{"line":86,"column":3}},{"start":{},"end":{}}],"line":84}},"s":{"0":1,"1":1,"2":6,"3":6,"4":5,"5":5,"6":6,"7":6,"8":5,"9":5,"10":3,"11":3,"12":1,"13":6,"14":1,"15":1,"16":1,"17":1,"18":3,"19":3,"20":2,"21":3,"22":0,"23":0,"24":15,"25":15,"26":15,"27":15,"28":15,"29":15,"30":15,"31":2,"32":2,"33":2,"34":1,"35":2,"36":1,"37":1,"38":0,"39":0,"40":8,"41":1,"42":1,"43":1,"44":1,"45":31,"46":1},"f":{"0":6,"1":6,"2":1,"3":3,"4":0,"5":15,"6":2,"7":0,"8":0,"9":8,"10":1,"11":1,"12":31,"13":1},"b":{"0":[5,1],"1":[5,1],"2":[3,2],"3":[2,1],"4":[1,1],"5":[1,1]},"_coverageSchema":"1a1c01bbd47fc00a2c39e90264f33305004495a9","hash":"8da400acae1c9e2e6dfdd8d2a0da906a4a7b281a"}
,"/Users/alex/coding/projects/jeopardish/src/utils/answerValidator.js": {"path":"/Users/alex/coding/projects/jeopardish/src/utils/answerValidator.js","statementMap":{"0":{"start":{"line":13,"column":2},"end":{"line":13,"column":40}},"1":{"start":{"line":14,"column":2},"end":{"line":14,"column":42}},"2":{"start":{"line":15,"column":2},"end":{"line":15,"column":48}},"3":{"start":{"line":17,"column":22},"end":{"line":17,"column":45}},"4":{"start":{"line":18,"column":25},"end":{"line":18,"column":51}},"5":{"start":{"line":19,"column":2},"end":{"line":19,"column":51}},"6":{"start":{"line":20,"column":2},"end":{"line":20,"column":57}},"7":{"start":{"line":24,"column":30},"end":{"line":26,"column":22}},"8":{"start":{"line":25,"column":42},"end":{"line":25,"column":65}},"9":{"start":{"line":29,"column":20},"end":{"line":41,"column":4}},"10":{"start":{"line":31,"column":4},"end":{"line":31,"column":45}},"11":{"start":{"line":31,"column":33},"end":{"line":31,"column":45}},"12":{"start":{"line":34,"column":4},"end":{"line":34,"column":73}},"13":{"start":{"line":34,"column":61},"end":{"line":34,"column":73}},"14":{"start":{"line":37,"column":4},"end":{"line":37,"column":77}},"15":{"start":{"line":37,"column":65},"end":{"line":37,"column":77}},"16":{"start":{"line":40,"column":4},"end":{"line":40,"column":46}},"17":{"start":{"line":43,"column":2},"end":{"line":43,"column":72}},"18":{"start":{"line":44,"column":2},"end":{"line":44,"column":21}},"19":{"start":{"line":46,"column":2},"end":{"line":46,"column":19}},"20":{"start":{"line":55,"column":2},"end":{"line":55,"column":25}},"21":{"start":{"line":55,"column":15},"end":{"line":55,"column":25}},"22":{"start":{"line":58,"column":16},"end":{"line":58,"column":43}},"23":{"start":{"line":61,"column":2},"end":{"line":61,"column":51}},"24":{"start":{"line":64,"column":2},"end":{"line":64,"column":59}},"25":{"start":{"line":67,"column":2},"end":{"line":67,"column":39}},"26":{"start":{"line":70,"column":2},"end":{"line":70,"column":64}},"27":{"start":{"line":71,"column":2},"end":{"line":71,"column":48}},"28":{"start":{"line":73,"column":2},"end":{"line":73,"column":63}},"29":{"start":{"line":74,"column":2},"end":{"line":74,"column":17}},"30":{"start":{"line":85,"column":2},"end":{"line":87,"column":3}},"31":{"start":{"line":86,"column":4},"end":{"line":86,"column":25}},"32":{"start":{"line":90,"column":19},"end":{"line":90,"column":53}},"33":{"start":{"line":91,"column":20},"end":{"line":91,"column":54}},"34":{"start":{"line":94,"column":20},"end":{"line":94,"column":46}},"35":{"start":{"line":96,"column":2},"end":{"line":96,"column":31}},"36":{"start":{"line":106,"column":12},"end":{"line":106,"column":23}},"37":{"start":{"line":107,"column":12},"end":{"line":107,"column":23}},"38":{"start":{"line":109,"column":2},"end":{"line":109,"column":24}},"39":{"start":{"line":109,"column":15},"end":{"line":109,"column":24}},"40":{"start":{"line":110,"column":2},"end":{"line":110,"column":24}},"41":{"start":{"line":110,"column":15},"end":{"line":110,"column":24}},"42":{"start":{"line":112,"column":13},"end":{"line":112,"column":68}},"43":{"start":{"line":112,"column":47},"end":{"line":112,"column":67}},"44":{"start":{"line":114,"column":2},"end":{"line":116,"column":3}},"45":{"start":{"line":114,"column":15},"end":{"line":114,"column":16}},"46":{"start":{"line":115,"column":4},"end":{"line":115,"column":17}},"47":{"start":{"line":118,"column":2},"end":{"line":120,"column":3}},"48":{"start":{"line":118,"column":15},"end":{"line":118,"column":16}},"49":{"start":{"line":119,"column":4},"end":{"line":119,"column":17}},"50":{"start":{"line":122,"column":2},"end":{"line":131,"column":3}},"51":{"start":{"line":122,"column":15},"end":{"line":122,"column":16}},"52":{"start":{"line":123,"column":4},"end":{"line":130,"column":5}},"53":{"start":{"line":123,"column":17},"end":{"line":123,"column":18}},"54":{"start":{"line":124,"column":19},"end":{"line":124,"column":54}},"55":{"start":{"line":125,"column":6},"end":{"line":129,"column":8}},"56":{"start":{"line":133,"column":2},"end":{"line":133,"column":18}},"57":{"start":{"line":141,"column":23},"end":{"line":163,"column":3}},"58":{"start":{"line":165,"column":2},"end":{"line":165,"column":71}},"59":{"start":{"line":173,"column":25},"end":{"line":181,"column":3}},"60":{"start":{"line":183,"column":2},"end":{"line":183,"column":75}}},"fnMap":{"0":{"name":"compareAnswers","decl":{"start":{"line":12,"column":16},"end":{"line":12,"column":30}},"loc":{"start":{"line":12,"column":58},"end":{"line":47,"column":1}},"line":12},"1":{"name":"(anonymous_1)","decl":{"start":{"line":25,"column":35},"end":{"line":25,"column":36}},"loc":{"start":{"line":25,"column":42},"end":{"line":25,"column":65}},"line":25},"2":{"name":"(anonymous_2)","decl":{"start":{"line":29,"column":45},"end":{"line":29,"column":46}},"loc":{"start":{"line":29,"column":56},"end":{"line":41,"column":3}},"line":29},"3":{"name":"cleanAnswer","decl":{"start":{"line":54,"column":16},"end":{"line":54,"column":27}},"loc":{"start":{"line":54,"column":36},"end":{"line":75,"column":1}},"line":54},"4":{"name":"isCloseMatch","decl":{"start":{"line":83,"column":9},"end":{"line":83,"column":21}},"loc":{"start":{"line":83,"column":34},"end":{"line":97,"column":1}},"line":83},"5":{"name":"getLevenshteinDistance","decl":{"start":{"line":105,"column":9},"end":{"line":105,"column":31}},"loc":{"start":{"line":105,"column":44},"end":{"line":134,"column":1}},"line":105},"6":{"name":"(anonymous_6)","decl":{"start":{"line":112,"column":41},"end":{"line":112,"column":42}},"loc":{"start":{"line":112,"column":47},"end":{"line":112,"column":67}},"line":112},"7":{"name":"getRandomInsult","decl":{"start":{"line":140,"column":16},"end":{"line":140,"column":31}},"loc":{"start":{"line":140,"column":34},"end":{"line":166,"column":1}},"line":140},"8":{"name":"getCheekyComment","decl":{"start":{"line":172,"column":16},"end":{"line":172,"column":32}},"loc":{"start":{"line":172,"column":35},"end":{"line":184,"column":1}},"line":172}},"branchMap":{"0":{"loc":{"start":{"line":24,"column":30},"end":{"line":26,"column":22}},"type":"cond-expr","locations":[{"start":{"line":25,"column":6},"end":{"line":25,"column":66}},{"start":{"line":26,"column":6},"end":{"line":26,"column":22}}],"line":24},"1":{"loc":{"start":{"line":31,"column":4},"end":{"line":31,"column":45}},"type":"if","locations":[{"start":{"line":31,"column":4},"end":{"line":31,"column":45}},{"start":{},"end":{}}],"line":31},"2":{"loc":{"start":{"line":34,"column":4},"end":{"line":34,"column":73}},"type":"if","locations":[{"start":{"line":34,"column":4},"end":{"line":34,"column":73}},{"start":{},"end":{}}],"line":34},"3":{"loc":{"start":{"line":34,"column":8},"end":{"line":34,"column":59}},"type":"binary-expr","locations":[{"start":{"line":34,"column":8},"end":{"line":34,"column":37}},{"start":{"line":34,"column":41},"end":{"line":34,"column":59}}],"line":34},"4":{"loc":{"start":{"line":37,"column":4},"end":{"line":37,"column":77}},"type":"if","locations":[{"start":{"line":37,"column":4},"end":{"line":37,"column":77}},{"start":{},"end":{}}],"line":37},"5":{"loc":{"start":{"line":37,"column":8},"end":{"line":37,"column":63}},"type":"binary-expr","locations":[{"start":{"line":37,"column":8},"end":{"line":37,"column":37}},{"start":{"line":37,"column":41},"end":{"line":37,"column":63}}],"line":37},"6":{"loc":{"start":{"line":43,"column":31},"end":{"line":43,"column":70}},"type":"cond-expr","locations":[{"start":{"line":43,"column":43},"end":{"line":43,"column":55}},{"start":{"line":43,"column":58},"end":{"line":43,"column":70}}],"line":43},"7":{"loc":{"start":{"line":55,"column":2},"end":{"line":55,"column":25}},"type":"if","locations":[{"start":{"line":55,"column":2},"end":{"line":55,"column":25}},{"start":{},"end":{}}],"line":55},"8":{"loc":{"start":{"line":85,"column":2},"end":{"line":87,"column":3}},"type":"if","locations":[{"start":{"line":85,"column":2},"end":{"line":87,"column":3}},{"start":{},"end":{}}],"line":85},"9":{"loc":{"start":{"line":85,"column":6},"end":{"line":85,"column":42}},"type":"binary-expr","locations":[{"start":{"line":85,"column":6},"end":{"line":85,"column":22}},{"start":{"line":85,"column":26},"end":{"line":85,"column":42}}],"line":85},"10":{"loc":{"start":{"line":109,"column":2},"end":{"line":109,"column":24}},"type":"if","locations":[{"start":{"line":109,"column":2},"end":{"line":109,"column":24}},{"start":{},"end":{}}],"line":109},"11":{"loc":{"start":{"line":110,"column":2},"end":{"line":110,"column":24}},"type":"if","locations":[{"start":{"line":110,"column":2},"end":{"line":110,"column":24}},{"start":{},"end":{}}],"line":110},"12":{"loc":{"start":{"line":124,"column":19},"end":{"line":124,"column":54}},"type":"cond-expr","locations":[{"start":{"line":124,"column":49},"end":{"line":124,"column":50}},{"start":{"line":124,"column":53},"end":{"line":124,"column":54}}],"line":124}},"s":{"0":15,"1":15,"2":15,"3":15,"4":15,"5":15,"6":15,"7":15,"8":4,"9":15,"10":16,"11":7,"12":9,"13":0,"14":9,"15":3,"16":6,"17":15,"18":15,"19":15,"20":45,"21":3,"22":42,"23":42,"24":42,"25":42,"26":42,"27":42,"28":42,"29":42,"30":6,"31":4,"32":2,"33":2,"34":2,"35":2,"36":2,"37":2,"38":2,"39":0,"40":2,"41":0,"42":2,"43":18,"44":2,"45":2,"46":18,"47":2,"48":2,"49":30,"50":2,"51":2,"52":16,"53":16,"54":218,"55":218,"56":2,"57":51,"58":51,"59":51,"60":51},"f":{"0":15,"1":4,"2":16,"3":45,"4":6,"5":2,"6":18,"7":51,"8":51},"b":{"0":[2,13],"1":[7,9],"2":[0,9],"3":[9,0],"4":[3,6],"5":[9,3],"6":[11,4],"7":[3,42],"8":[4,2],"9":[6,2],"10":[0,2],"11":[0,2],"12":[38,180]},"_coverageSchema":"1a1c01bbd47fc00a2c39e90264f33305004495a9","hash":"a2b3ed4d581ade8a2f43e1a62c75a68ae9c2cba7"}
}
