TN:
SF:src/ai/trebek-integration.js
FN:11,displayAICorrectAnswerMessage
FN:65,displayAIIncorrectAnswerMessage
FN:119,displayAINewQuestionIntro
FN:157,(anonymous_3)
FN:179,handleStreakMilestone
FNF:5
FNH:0
FNDA:0,displayAICorrectAnswerMessage
FNDA:0,displayAIIncorrectAnswerMessage
FNDA:0,displayAINewQuestionIntro
FNDA:0,(anonymous_3)
FNDA:0,handleStreakMilestone
DA:12,0
DA:13,0
DA:14,0
DA:15,0
DA:17,0
DA:18,0
DA:19,0
DA:22,0
DA:24,0
DA:40,0
DA:41,0
DA:42,0
DA:43,0
DA:44,0
DA:45,0
DA:48,0
DA:49,0
DA:53,0
DA:55,0
DA:56,0
DA:57,0
DA:58,0
DA:59,0
DA:60,0
DA:66,0
DA:67,0
DA:68,0
DA:69,0
DA:71,0
DA:72,0
DA:73,0
DA:76,0
DA:78,0
DA:94,0
DA:95,0
DA:96,0
DA:97,0
DA:98,0
DA:99,0
DA:102,0
DA:103,0
DA:107,0
DA:109,0
DA:110,0
DA:111,0
DA:112,0
DA:113,0
DA:114,0
DA:120,0
DA:121,0
DA:122,0
DA:125,0
DA:127,0
DA:142,0
DA:143,0
DA:144,0
DA:147,0
DA:148,0
DA:150,0
DA:151,0
DA:152,0
DA:154,0
DA:157,0
DA:158,0
DA:159,0
DA:165,0
DA:166,0
DA:170,0
DA:175,0
DA:181,0
DA:183,0
DA:185,0
DA:196,0
DA:199,0
DA:200,0
DA:204,0
LF:76
LH:0
BRDA:17,0,0,0
BRDA:17,0,1,0
BRDA:17,1,0,0
BRDA:17,1,1,0
BRDA:17,1,2,0
BRDA:17,1,3,0
BRDA:17,1,4,0
BRDA:34,2,0,0
BRDA:34,2,1,0
BRDA:48,3,0,0
BRDA:48,3,1,0
BRDA:71,4,0,0
BRDA:71,4,1,0
BRDA:71,5,0,0
BRDA:71,5,1,0
BRDA:71,5,2,0
BRDA:71,5,3,0
BRDA:71,5,4,0
BRDA:88,6,0,0
BRDA:88,6,1,0
BRDA:102,7,0,0
BRDA:102,7,1,0
BRDA:120,8,0,0
BRDA:120,8,1,0
BRDA:148,9,0,0
BRDA:148,9,1,0
BRDA:158,10,0,0
BRDA:158,10,1,0
BRDA:165,11,0,0
BRDA:165,11,1,0
BRDA:181,12,0,0
BRDA:181,12,1,0
BRDA:199,13,0,0
BRDA:199,13,1,0
BRF:34
BRH:0
end_of_record
TN:
SF:src/ai/trebek.js
FN:35,trebekReply
FNF:1
FNH:0
FNDA:0,trebekReply
DA:4,0
DA:12,0
DA:36,0
DA:38,0
DA:40,0
DA:42,0
DA:43,0
DA:45,0
DA:46,0
DA:48,0
DA:49,0
DA:51,0
DA:52,0
DA:54,0
DA:55,0
DA:57,0
DA:61,0
DA:64,0
DA:69,0
DA:70,0
DA:73,0
DA:76,0
LF:22
LH:0
BRDA:40,0,0,0
BRDA:40,0,1,0
BRDA:40,0,2,0
BRDA:40,0,3,0
BRDA:40,0,4,0
BRDA:40,0,5,0
BRF:6
BRH:0
end_of_record
TN:
SF:src/components/game/GameController.js
FN:30,(anonymous_0)
FN:40,(anonymous_1)
FN:52,(anonymous_2)
FN:56,(anonymous_3)
FN:62,(anonymous_4)
FN:68,(anonymous_5)
FN:73,(anonymous_6)
FN:82,(anonymous_7)
FN:136,(anonymous_8)
FN:161,(anonymous_9)
FN:166,(anonymous_10)
FN:183,(anonymous_11)
FN:247,(anonymous_12)
FN:253,(anonymous_13)
FN:272,(anonymous_14)
FNF:15
FNH:0
FNDA:0,(anonymous_0)
FNDA:0,(anonymous_1)
FNDA:0,(anonymous_2)
FNDA:0,(anonymous_3)
FNDA:0,(anonymous_4)
FNDA:0,(anonymous_5)
FNDA:0,(anonymous_6)
FNDA:0,(anonymous_7)
FNDA:0,(anonymous_8)
FNDA:0,(anonymous_9)
FNDA:0,(anonymous_10)
FNDA:0,(anonymous_11)
FNDA:0,(anonymous_12)
FNDA:0,(anonymous_13)
FNDA:0,(anonymous_14)
DA:31,0
DA:32,0
DA:33,0
DA:34,0
DA:35,0
DA:37,0
DA:41,0
DA:44,0
DA:47,0
DA:49,0
DA:54,0
DA:55,0
DA:56,0
DA:60,0
DA:61,0
DA:62,0
DA:66,0
DA:67,0
DA:68,0
DA:72,0
DA:73,0
DA:74,0
DA:75,0
DA:76,0
DA:83,0
DA:86,0
DA:89,0
DA:90,0
DA:94,0
DA:95,0
DA:98,0
DA:100,0
DA:103,0
DA:104,0
DA:107,0
DA:108,0
DA:109,0
DA:110,0
DA:116,0
DA:117,0
DA:121,0
DA:122,0
DA:123,0
DA:126,0
DA:127,0
DA:131,0
DA:132,0
DA:137,0
DA:139,0
DA:142,0
DA:143,0
DA:145,0
DA:146,0
DA:150,0
DA:151,0
DA:155,0
DA:156,0
DA:157,0
DA:162,0
DA:163,0
DA:167,0
DA:169,0
DA:170,0
DA:171,0
DA:172,0
DA:173,0
DA:175,0
DA:176,0
DA:179,0
DA:184,0
DA:186,0
DA:187,0
DA:188,0
DA:191,0
DA:192,0
DA:194,0
DA:195,0
DA:196,0
DA:200,0
DA:203,0
DA:206,0
DA:207,0
DA:209,0
DA:210,0
DA:211,0
DA:217,0
DA:222,0
DA:223,0
DA:227,0
DA:229,0
DA:230,0
DA:231,0
DA:233,0
DA:238,0
DA:239,0
DA:246,0
DA:247,0
DA:248,0
DA:254,0
DA:257,0
DA:258,0
DA:261,0
DA:262,0
DA:266,0
DA:267,0
DA:268,0
DA:273,0
DA:274,0
DA:275,0
DA:278,0
DA:279,0
DA:280,0
DA:283,0
DA:284,0
LF:114
LH:0
BRDA:55,0,0,0
BRDA:55,0,1,0
BRDA:61,1,0,0
BRDA:61,1,1,0
BRDA:67,2,0,0
BRDA:67,2,1,0
BRDA:72,3,0,0
BRDA:72,3,1,0
BRDA:74,4,0,0
BRDA:74,4,1,0
BRDA:89,5,0,0
BRDA:89,5,1,0
BRDA:94,6,0,0
BRDA:94,6,1,0
BRDA:103,7,0,0
BRDA:103,7,1,0
BRDA:107,8,0,0
BRDA:107,8,1,0
BRDA:109,9,0,0
BRDA:109,9,1,0
BRDA:116,10,0,0
BRDA:116,10,1,0
BRDA:126,11,0,0
BRDA:126,11,1,0
BRDA:137,12,0,0
BRDA:137,12,1,0
BRDA:142,13,0,0
BRDA:142,13,1,0
BRDA:145,14,0,0
BRDA:145,14,1,0
BRDA:150,15,0,0
BRDA:150,15,1,0
BRDA:155,16,0,0
BRDA:155,16,1,0
BRDA:167,17,0,0
BRDA:167,17,1,0
BRDA:169,18,0,0
BRDA:169,18,1,0
BRDA:169,19,0,0
BRDA:169,19,1,0
BRDA:170,20,0,0
BRDA:170,20,1,0
BRDA:186,21,0,0
BRDA:186,21,1,0
BRDA:186,22,0,0
BRDA:186,22,1,0
BRDA:192,23,0,0
BRDA:192,23,1,0
BRDA:194,24,0,0
BRDA:194,24,1,0
BRDA:206,25,0,0
BRDA:206,25,1,0
BRDA:207,26,0,0
BRDA:207,26,1,0
BRDA:227,27,0,0
BRDA:227,27,1,0
BRDA:229,28,0,0
BRDA:229,28,1,0
BRDA:246,29,0,0
BRDA:246,29,1,0
BRDA:253,30,0,0
BRDA:257,31,0,0
BRDA:257,31,1,0
BRDA:258,32,0,0
BRDA:258,32,1,0
BRDA:261,33,0,0
BRDA:261,33,1,0
BRDA:266,34,0,0
BRDA:266,34,1,0
BRDA:266,35,0,0
BRDA:266,35,1,0
BRDA:273,36,0,0
BRDA:273,36,1,0
BRDA:278,37,0,0
BRDA:278,37,1,0
BRDA:283,38,0,0
BRDA:283,38,1,0
BRF:77
BRH:0
end_of_record
TN:
SF:src/components/ui/ScoreBoard.js
FN:9,(anonymous_0)
FN:26,(anonymous_1)
FN:47,(anonymous_2)
FN:61,(anonymous_3)
FN:79,(anonymous_4)
FN:97,(anonymous_5)
FN:101,(anonymous_6)
FN:106,(anonymous_7)
FN:109,(anonymous_8)
FN:114,(anonymous_9)
FN:115,(anonymous_10)
FN:121,(anonymous_11)
FN:122,(anonymous_12)
FN:130,(anonymous_13)
FNF:14
FNH:0
FNDA:0,(anonymous_0)
FNDA:0,(anonymous_1)
FNDA:0,(anonymous_2)
FNDA:0,(anonymous_3)
FNDA:0,(anonymous_4)
FNDA:0,(anonymous_5)
FNDA:0,(anonymous_6)
FNDA:0,(anonymous_7)
FNDA:0,(anonymous_8)
FNDA:0,(anonymous_9)
FNDA:0,(anonymous_10)
FNDA:0,(anonymous_11)
FNDA:0,(anonymous_12)
FNDA:0,(anonymous_13)
DA:10,0
DA:11,0
DA:12,0
DA:13,0
DA:16,0
DA:23,0
DA:28,0
DA:29,0
DA:30,0
DA:31,0
DA:34,0
DA:37,0
DA:38,0
DA:39,0
DA:42,0
DA:44,0
DA:48,0
DA:50,0
DA:51,0
DA:53,0
DA:54,0
DA:56,0
DA:57,0
DA:62,0
DA:63,0
DA:64,0
DA:65,0
DA:66,0
DA:70,0
DA:71,0
DA:72,0
DA:73,0
DA:74,0
DA:80,0
DA:81,0
DA:82,0
DA:83,0
DA:84,0
DA:88,0
DA:89,0
DA:90,0
DA:91,0
DA:92,0
DA:98,0
DA:100,0
DA:101,0
DA:102,0
DA:109,0
DA:110,0
DA:111,0
DA:114,0
DA:115,0
DA:116,0
DA:122,0
DA:123,0
DA:124,0
DA:125,0
DA:131,0
DA:132,0
LF:59
LH:0
BRDA:9,0,0,0
BRDA:11,1,0,0
BRDA:11,1,1,0
BRDA:48,2,0,0
BRDA:48,2,1,0
BRDA:48,2,2,0
BRDA:62,3,0,0
BRDA:62,3,1,0
BRDA:63,4,0,0
BRDA:63,4,1,0
BRDA:64,5,0,0
BRDA:64,5,1,0
BRDA:70,6,0,0
BRDA:70,6,1,0
BRDA:71,7,0,0
BRDA:71,7,1,0
BRDA:72,8,0,0
BRDA:72,8,1,0
BRDA:80,9,0,0
BRDA:80,9,1,0
BRDA:81,10,0,0
BRDA:81,10,1,0
BRDA:82,11,0,0
BRDA:82,11,1,0
BRDA:88,12,0,0
BRDA:88,12,1,0
BRDA:89,13,0,0
BRDA:89,13,1,0
BRDA:90,14,0,0
BRDA:90,14,1,0
BRDA:98,15,0,0
BRDA:98,15,1,0
BRDA:123,16,0,0
BRDA:123,16,1,0
BRDA:123,17,0,0
BRDA:123,17,1,0
BRDA:131,18,0,0
BRDA:131,18,1,0
BRF:38
BRH:0
end_of_record
TN:
SF:src/config/environment.js
FN:61,validateConfig
FNF:1
FNH:0
FNDA:0,validateConfig
DA:7,0
DA:39,0
DA:51,0
DA:54,0
DA:62,0
DA:65,0
DA:66,0
DA:70,0
DA:71,0
DA:74,0
DA:78,0
LF:11
LH:0
BRDA:15,0,0,0
BRDA:15,0,1,0
BRDA:18,1,0,0
BRDA:18,1,1,0
BRDA:19,2,0,0
BRDA:19,2,1,0
BRDA:20,3,0,0
BRDA:20,3,1,0
BRDA:21,4,0,0
BRDA:21,4,1,0
BRDA:22,5,0,0
BRDA:22,5,1,0
BRDA:23,6,0,0
BRDA:23,6,1,0
BRDA:51,7,0,0
BRDA:51,7,1,0
BRDA:65,8,0,0
BRDA:65,8,1,0
BRDA:70,9,0,0
BRDA:70,9,1,0
BRF:20
BRH:0
end_of_record
TN:
SF:src/services/api/questionService.js
FN:17,fetchQuestionFromAPI
FN:38,loadLocalQuestions
FN:73,getNextLocalQuestion
FN:85,parseCSV
FN:88,(anonymous_4)
FN:90,(anonymous_5)
FN:102,normalizeQuestionData
FN:121,shuffleArray
FN:132,getErrorJoke
FNF:9
FNH:0
FNDA:0,fetchQuestionFromAPI
FNDA:0,loadLocalQuestions
FNDA:0,getNextLocalQuestion
FNDA:0,parseCSV
FNDA:0,(anonymous_4)
FNDA:0,(anonymous_5)
FNDA:0,normalizeQuestionData
FNDA:0,shuffleArray
FNDA:0,getErrorJoke
DA:6,0
DA:7,0
DA:10,0
DA:11,0
DA:18,0
DA:19,0
DA:20,0
DA:21,0
DA:22,0
DA:24,0
DA:25,0
DA:26,0
DA:28,0
DA:29,0
DA:30,0
DA:39,0
DA:41,0
DA:42,0
DA:43,0
DA:44,0
DA:45,0
DA:48,0
DA:49,0
DA:50,0
DA:52,0
DA:53,0
DA:57,0
DA:58,0
DA:59,0
DA:62,0
DA:63,0
DA:64,0
DA:65,0
DA:66,0
DA:74,0
DA:75,0
DA:77,0
DA:86,0
DA:87,0
DA:88,0
DA:89,0
DA:90,0
DA:91,0
DA:92,0
DA:103,0
DA:122,0
DA:123,0
DA:124,0
DA:133,0
DA:160,0
LF:50
LH:0
BRDA:21,0,0,0
BRDA:21,0,1,0
BRDA:41,1,0,0
BRDA:41,1,1,0
BRDA:44,2,0,0
BRDA:44,2,1,0
BRDA:57,3,0,0
BRDA:57,3,1,0
BRDA:74,4,0,0
BRDA:74,4,1,0
BRDA:91,5,0,0
BRDA:91,5,1,0
BRDA:104,6,0,0
BRDA:104,6,1,0
BRDA:104,6,2,0
BRDA:105,7,0,0
BRDA:105,7,1,0
BRDA:105,7,2,0
BRDA:106,8,0,0
BRDA:106,8,1,0
BRDA:107,9,0,0
BRDA:107,9,1,0
BRDA:108,10,0,0
BRDA:108,10,1,0
BRDA:109,11,0,0
BRDA:109,11,1,0
BRDA:110,12,0,0
BRDA:110,12,1,0
BRDA:111,13,0,0
BRDA:111,13,1,0
BRDA:112,14,0,0
BRDA:112,14,1,0
BRDA:113,15,0,0
BRDA:113,15,1,0
BRF:34
BRH:0
end_of_record
TN:
SF:src/store/gameState.js
FN:24,updateScore
FN:33,updateStreak
FN:46,setCurrentQuestion
FN:53,revealAnswer
FN:61,setShowingMessage
FN:66,resetGame
FN:77,loadSavedState
FN:91,(anonymous_7)
FN:92,(anonymous_8)
FN:96,saveToLocalStorage
FN:106,subscribeToState
FN:108,(anonymous_11)
FN:111,notifyStateChange
FN:112,(anonymous_13)
FNF:14
FNH:11
FNDA:6,updateScore
FNDA:6,updateStreak
FNDA:1,setCurrentQuestion
FNDA:3,revealAnswer
FNDA:0,setShowingMessage
FNDA:15,resetGame
FNDA:2,loadSavedState
FNDA:0,(anonymous_7)
FNDA:0,(anonymous_8)
FNDA:8,saveToLocalStorage
FNDA:1,subscribeToState
FNDA:1,(anonymous_11)
FNDA:31,notifyStateChange
FNDA:1,(anonymous_13)
DA:7,1
DA:21,1
DA:25,6
DA:26,6
DA:27,5
DA:28,5
DA:30,6
DA:34,6
DA:35,5
DA:36,5
DA:37,3
DA:38,3
DA:41,1
DA:43,6
DA:47,1
DA:48,1
DA:49,1
DA:50,1
DA:54,3
DA:55,3
DA:56,2
DA:58,3
DA:62,0
DA:63,0
DA:67,15
DA:68,15
DA:69,15
DA:70,15
DA:71,15
DA:72,15
DA:73,15
DA:78,2
DA:79,2
DA:81,2
DA:82,1
DA:84,2
DA:85,1
DA:90,1
DA:91,0
DA:92,0
DA:97,8
DA:104,1
DA:107,1
DA:108,1
DA:112,31
DA:113,1
LF:46
LH:42
BRDA:26,0,0,5
BRDA:26,0,1,1
BRDA:34,1,0,5
BRDA:34,1,1,1
BRDA:36,2,0,3
BRDA:36,2,1,2
BRDA:55,3,0,2
BRDA:55,3,1,1
BRDA:81,4,0,1
BRDA:81,4,1,1
BRDA:84,5,0,1
BRDA:84,5,1,1
BRF:12
BRH:12
end_of_record
TN:
SF:src/utils/answerValidator.js
FN:12,compareAnswers
FN:25,(anonymous_1)
FN:29,(anonymous_2)
FN:54,cleanAnswer
FN:83,isCloseMatch
FN:105,getLevenshteinDistance
FN:112,(anonymous_6)
FN:140,getRandomInsult
FN:172,getCheekyComment
FNF:9
FNH:9
FNDA:15,compareAnswers
FNDA:4,(anonymous_1)
FNDA:16,(anonymous_2)
FNDA:45,cleanAnswer
FNDA:6,isCloseMatch
FNDA:2,getLevenshteinDistance
FNDA:18,(anonymous_6)
FNDA:51,getRandomInsult
FNDA:51,getCheekyComment
DA:13,15
DA:14,15
DA:15,15
DA:17,15
DA:18,15
DA:19,15
DA:20,15
DA:24,15
DA:25,4
DA:29,15
DA:31,16
DA:34,9
DA:37,9
DA:40,6
DA:43,15
DA:44,15
DA:46,15
DA:55,45
DA:58,42
DA:61,42
DA:64,42
DA:67,42
DA:70,42
DA:71,42
DA:73,42
DA:74,42
DA:85,6
DA:86,4
DA:90,2
DA:91,2
DA:94,2
DA:96,2
DA:106,2
DA:107,2
DA:109,2
DA:110,2
DA:112,18
DA:114,2
DA:115,18
DA:118,2
DA:119,30
DA:122,2
DA:123,16
DA:124,218
DA:125,218
DA:133,2
DA:141,51
DA:165,51
DA:173,51
DA:183,51
LF:50
LH:50
BRDA:24,0,0,2
BRDA:24,0,1,13
BRDA:31,1,0,7
BRDA:31,1,1,9
BRDA:34,2,0,0
BRDA:34,2,1,9
BRDA:34,3,0,9
BRDA:34,3,1,0
BRDA:37,4,0,3
BRDA:37,4,1,6
BRDA:37,5,0,9
BRDA:37,5,1,3
BRDA:43,6,0,11
BRDA:43,6,1,4
BRDA:55,7,0,3
BRDA:55,7,1,42
BRDA:85,8,0,4
BRDA:85,8,1,2
BRDA:85,9,0,6
BRDA:85,9,1,2
BRDA:109,10,0,0
BRDA:109,10,1,2
BRDA:110,11,0,0
BRDA:110,11,1,2
BRDA:124,12,0,38
BRDA:124,12,1,180
BRF:26
BRH:22
end_of_record
